2025/08/16 16:46:13 [INFO] Packer version: 1.12.0 [go1.22.9 darwin arm64]
2025/08/16 16:46:13 [INFO] PACKER_CONFIG env var not set; checking the default config file path
2025/08/16 16:46:13 [INFO] PACKER_CONFIG env var set; attempting to open config file: /Users/rtaparay/.packerconfig
2025/08/16 16:46:13 [WARN] Config file doesn't exist: /Users/rtaparay/.packerconfig
2025/08/16 16:46:13 [INFO] Setting cache directory: /Users/rtaparay/.cache/packer
2025/08/16 16:46:13 [TRACE] listing potential installations for <nil> that match "". plugingetter.ListInstallationsOptions{PluginDirectory:"/Users/rtaparay/.config/packer/plugins", BinaryInstallationOptions:plugingetter.BinaryInstallationOptions{APIVersionMajor:"5", APIVersionMinor:"0", OS:"darwin", ARCH:"arm64", Ext:"", Checksummers:[]plugingetter.Checksummer{plugingetter.Checksummer{Type:"sha256", Hash:(*sha256.digest)(0x140005ee100)}}, ReleasesOnly:false}}
2025/08/16 16:46:13 [INFO] found external [-packer-default-plugin-name- clone iso] builders from proxmox plugin
2025/08/16 16:46:13 plugin "/Users/rtaparay/.config/packer/plugins/github.com/hashicorp/proxmox/packer-plugin-proxmox_v1.2.2_x5.0_darwin_arm64" does not support Protobuf, forcing use of Gob
2025/08/16 16:46:13 [TRACE] validateValue: not active for iso_storage_pool, so skipping
2025/08/16 16:46:13 [TRACE] validateValue: not active for storage_pool, so skipping
2025/08/16 16:46:13 [TRACE] validateValue: not active for iso_file, so skipping
2025/08/16 16:46:13 [TRACE] validateValue: not active for cores, so skipping
2025/08/16 16:46:13 [TRACE] validateValue: not active for proxmox_api_token_id, so skipping
2025/08/16 16:46:13 [TRACE] validateValue: not active for proxmox_api_token_secret, so skipping
2025/08/16 16:46:13 [TRACE] validateValue: not active for proxmox_node, so skipping
2025/08/16 16:46:13 [TRACE] validateValue: not active for vm_id, so skipping
2025/08/16 16:46:13 [TRACE] validateValue: not active for network_bridge, so skipping
2025/08/16 16:46:13 [TRACE] validateValue: not active for ssh_username, so skipping
2025/08/16 16:46:13 [TRACE] validateValue: not active for disk_size, so skipping
2025/08/16 16:46:13 [TRACE] validateValue: not active for memory, so skipping
2025/08/16 16:46:13 [TRACE] validateValue: not active for ssh_private_key_file, so skipping
2025/08/16 16:46:13 [TRACE] validateValue: not active for ssh_password, so skipping
2025/08/16 16:46:13 [TRACE] validateValue: not active for proxmox_api_url, so skipping
2025/08/16 16:46:13 [TRACE] validateValue: not active for vm_name, so skipping
2025/08/16 16:46:13 [TRACE] validateValue: not active for template_description, so skipping
2025/08/16 16:46:13 [INFO] Starting external plugin /Users/rtaparay/.config/packer/plugins/github.com/hashicorp/proxmox/packer-plugin-proxmox_v1.2.2_x5.0_darwin_arm64 start builder iso
2025/08/16 16:46:13 Starting plugin: /Users/rtaparay/.config/packer/plugins/github.com/hashicorp/proxmox/packer-plugin-proxmox_v1.2.2_x5.0_darwin_arm64 []string{"/Users/rtaparay/.config/packer/plugins/github.com/hashicorp/proxmox/packer-plugin-proxmox_v1.2.2_x5.0_darwin_arm64", "start", "builder", "iso"}
2025/08/16 16:46:13 Waiting for RPC address for: /Users/rtaparay/.config/packer/plugins/github.com/hashicorp/proxmox/packer-plugin-proxmox_v1.2.2_x5.0_darwin_arm64
2025/08/16 16:46:13 packer-plugin-proxmox_v1.2.2_x5.0_darwin_arm64 plugin: 2025/08/16 16:46:13 Plugin address: unix /var/folders/p1/xy04ngt97pz31g8xlmc445_m0000gp/T/packer-plugin2848139673
2025/08/16 16:46:13 packer-plugin-proxmox_v1.2.2_x5.0_darwin_arm64 plugin: 2025/08/16 16:46:13 Waiting for connection...
2025/08/16 16:46:13 Received unix RPC address for /Users/rtaparay/.config/packer/plugins/github.com/hashicorp/proxmox/packer-plugin-proxmox_v1.2.2_x5.0_darwin_arm64: addr is /var/folders/p1/xy04ngt97pz31g8xlmc445_m0000gp/T/packer-plugin2848139673
2025/08/16 16:46:13 packer-plugin-proxmox_v1.2.2_x5.0_darwin_arm64 plugin: 2025/08/16 16:46:13 Serving a plugin connection...
2025/08/16 16:46:13 packer-plugin-proxmox_v1.2.2_x5.0_darwin_arm64 plugin: 2025/08/16 16:46:13 [TRACE] starting builder iso
2025/08/16 16:46:13 [DEBUG] - common: receiving ConfigSpec as gob
2025/08/16 16:46:13 packer-plugin-proxmox_v1.2.2_x5.0_darwin_arm64 plugin: 2025/08/16 16:46:13 Number of sockets 0 is too small, using default: 1
2025/08/16 16:46:13 packer-plugin-proxmox_v1.2.2_x5.0_darwin_arm64 plugin: 2025/08/16 16:46:13 CPU type not set, using default 'kvm64'
2025/08/16 16:46:13 packer-plugin-proxmox_v1.2.2_x5.0_darwin_arm64 plugin: 2025/08/16 16:46:13 OS not set, using default 'other'
2025/08/16 16:46:13 packer-plugin-proxmox_v1.2.2_x5.0_darwin_arm64 plugin: 2025/08/16 16:46:13 Disk 0 cache mode not set, using default 'none'
2025/08/16 16:46:13 packer-plugin-proxmox_v1.2.2_x5.0_darwin_arm64 plugin: 2025/08/16 16:46:13 Cloud-Init disk type not set, using default 'ide'
2025/08/16 16:46:13 packer-plugin-proxmox_v1.2.2_x5.0_darwin_arm64 plugin: 2025/08/16 16:46:13 boot_iso device type not set, using default type 'ide' and index '2'
2025/08/16 16:46:13 [DEBUG] - common: receiving ConfigSpec as gob
2025/08/16 16:46:13 [INFO] Starting external plugin /opt/homebrew/bin/packer execute packer-provisioner-shell
2025/08/16 16:46:13 Starting plugin: /opt/homebrew/bin/packer []string{"/opt/homebrew/bin/packer", "execute", "packer-provisioner-shell"}
2025/08/16 16:46:13 Waiting for RPC address for: /opt/homebrew/bin/packer
2025/08/16 16:46:13 packer-provisioner-shell plugin: [INFO] Packer version: 1.12.0 [go1.22.9 darwin arm64]
2025/08/16 16:46:13 packer-provisioner-shell plugin: [INFO] PACKER_CONFIG env var not set; checking the default config file path
2025/08/16 16:46:13 packer-provisioner-shell plugin: [INFO] PACKER_CONFIG env var set; attempting to open config file: /Users/rtaparay/.packerconfig
2025/08/16 16:46:13 packer-provisioner-shell plugin: [WARN] Config file doesn't exist: /Users/rtaparay/.packerconfig
2025/08/16 16:46:13 packer-provisioner-shell plugin: [INFO] Setting cache directory: /Users/rtaparay/.cache/packer
2025/08/16 16:46:13 packer-provisioner-shell plugin: Plugin address: unix /var/folders/p1/xy04ngt97pz31g8xlmc445_m0000gp/T/packer-plugin3173630409
2025/08/16 16:46:13 packer-provisioner-shell plugin: Waiting for connection...
2025/08/16 16:46:13 Received unix RPC address for /opt/homebrew/bin/packer: addr is /var/folders/p1/xy04ngt97pz31g8xlmc445_m0000gp/T/packer-plugin3173630409
2025/08/16 16:46:13 packer-provisioner-shell plugin: Serving a plugin connection...
2025/08/16 16:46:13 packer-provisioner-shell plugin: [DEBUG] - common: sending ConfigSpec as gob
2025/08/16 16:46:13 [DEBUG] - common: receiving ConfigSpec as gob
2025/08/16 16:46:13 packer-provisioner-shell plugin: [DEBUG] - common: sending ConfigSpec as gob
2025/08/16 16:46:13 [DEBUG] - common: receiving ConfigSpec as gob
2025/08/16 16:46:13 [INFO] Starting external plugin /opt/homebrew/bin/packer execute packer-provisioner-file
2025/08/16 16:46:13 Starting plugin: /opt/homebrew/bin/packer []string{"/opt/homebrew/bin/packer", "execute", "packer-provisioner-file"}
2025/08/16 16:46:13 Waiting for RPC address for: /opt/homebrew/bin/packer
2025/08/16 16:46:13 packer-provisioner-file plugin: [INFO] Packer version: 1.12.0 [go1.22.9 darwin arm64]
2025/08/16 16:46:13 packer-provisioner-file plugin: [INFO] PACKER_CONFIG env var not set; checking the default config file path
2025/08/16 16:46:13 packer-provisioner-file plugin: [INFO] PACKER_CONFIG env var set; attempting to open config file: /Users/rtaparay/.packerconfig
2025/08/16 16:46:13 packer-provisioner-file plugin: [WARN] Config file doesn't exist: /Users/rtaparay/.packerconfig
2025/08/16 16:46:13 packer-provisioner-file plugin: [INFO] Setting cache directory: /Users/rtaparay/.cache/packer
2025/08/16 16:46:13 Received unix RPC address for /opt/homebrew/bin/packer: addr is /var/folders/p1/xy04ngt97pz31g8xlmc445_m0000gp/T/packer-plugin251093578
2025/08/16 16:46:13 packer-provisioner-file plugin: Plugin address: unix /var/folders/p1/xy04ngt97pz31g8xlmc445_m0000gp/T/packer-plugin251093578
2025/08/16 16:46:13 packer-provisioner-file plugin: Waiting for connection...
2025/08/16 16:46:13 packer-provisioner-file plugin: Serving a plugin connection...
2025/08/16 16:46:13 packer-provisioner-file plugin: [DEBUG] - common: sending ConfigSpec as gob
2025/08/16 16:46:13 [DEBUG] - common: receiving ConfigSpec as gob
2025/08/16 16:46:13 packer-provisioner-file plugin: [DEBUG] - common: sending ConfigSpec as gob
2025/08/16 16:46:13 [DEBUG] - common: receiving ConfigSpec as gob
2025/08/16 16:46:13 [INFO] Starting external plugin /opt/homebrew/bin/packer execute packer-provisioner-shell
2025/08/16 16:46:13 Starting plugin: /opt/homebrew/bin/packer []string{"/opt/homebrew/bin/packer", "execute", "packer-provisioner-shell"}
2025/08/16 16:46:13 Waiting for RPC address for: /opt/homebrew/bin/packer
2025/08/16 16:46:13 packer-provisioner-shell plugin: [INFO] Packer version: 1.12.0 [go1.22.9 darwin arm64]
2025/08/16 16:46:13 packer-provisioner-shell plugin: [INFO] PACKER_CONFIG env var not set; checking the default config file path
2025/08/16 16:46:13 packer-provisioner-shell plugin: [INFO] PACKER_CONFIG env var set; attempting to open config file: /Users/rtaparay/.packerconfig
2025/08/16 16:46:13 packer-provisioner-shell plugin: [WARN] Config file doesn't exist: /Users/rtaparay/.packerconfig
2025/08/16 16:46:13 packer-provisioner-shell plugin: [INFO] Setting cache directory: /Users/rtaparay/.cache/packer
2025/08/16 16:46:13 packer-provisioner-shell plugin: Plugin address: unix /var/folders/p1/xy04ngt97pz31g8xlmc445_m0000gp/T/packer-plugin3707320130
2025/08/16 16:46:13 Received unix RPC address for /opt/homebrew/bin/packer: addr is /var/folders/p1/xy04ngt97pz31g8xlmc445_m0000gp/T/packer-plugin3707320130
2025/08/16 16:46:13 packer-provisioner-shell plugin: Waiting for connection...
2025/08/16 16:46:13 packer-provisioner-shell plugin: Serving a plugin connection...
2025/08/16 16:46:13 packer-provisioner-shell plugin: [DEBUG] - common: sending ConfigSpec as gob
2025/08/16 16:46:13 [DEBUG] - common: receiving ConfigSpec as gob
2025/08/16 16:46:13 packer-provisioner-shell plugin: [DEBUG] - common: sending ConfigSpec as gob
2025/08/16 16:46:13 [DEBUG] - common: receiving ConfigSpec as gob
2025/08/16 16:46:13 [INFO] Starting external plugin /opt/homebrew/bin/packer execute packer-provisioner-file
2025/08/16 16:46:13 Starting plugin: /opt/homebrew/bin/packer []string{"/opt/homebrew/bin/packer", "execute", "packer-provisioner-file"}
2025/08/16 16:46:13 Waiting for RPC address for: /opt/homebrew/bin/packer
2025/08/16 16:46:13 packer-provisioner-file plugin: [INFO] Packer version: 1.12.0 [go1.22.9 darwin arm64]
2025/08/16 16:46:13 packer-provisioner-file plugin: [INFO] PACKER_CONFIG env var not set; checking the default config file path
2025/08/16 16:46:13 packer-provisioner-file plugin: [INFO] PACKER_CONFIG env var set; attempting to open config file: /Users/rtaparay/.packerconfig
2025/08/16 16:46:13 packer-provisioner-file plugin: [WARN] Config file doesn't exist: /Users/rtaparay/.packerconfig
2025/08/16 16:46:13 packer-provisioner-file plugin: [INFO] Setting cache directory: /Users/rtaparay/.cache/packer
2025/08/16 16:46:13 packer-provisioner-file plugin: Plugin address: unix /var/folders/p1/xy04ngt97pz31g8xlmc445_m0000gp/T/packer-plugin3581583957
2025/08/16 16:46:13 packer-provisioner-file plugin: Waiting for connection...
2025/08/16 16:46:13 Received unix RPC address for /opt/homebrew/bin/packer: addr is /var/folders/p1/xy04ngt97pz31g8xlmc445_m0000gp/T/packer-plugin3581583957
2025/08/16 16:46:13 packer-provisioner-file plugin: Serving a plugin connection...
2025/08/16 16:46:13 packer-provisioner-file plugin: [DEBUG] - common: sending ConfigSpec as gob
2025/08/16 16:46:13 [DEBUG] - common: receiving ConfigSpec as gob
2025/08/16 16:46:13 packer-provisioner-file plugin: [DEBUG] - common: sending ConfigSpec as gob
2025/08/16 16:46:13 [DEBUG] - common: receiving ConfigSpec as gob
2025/08/16 16:46:13 [INFO] Starting external plugin /opt/homebrew/bin/packer execute packer-provisioner-shell
2025/08/16 16:46:13 Starting plugin: /opt/homebrew/bin/packer []string{"/opt/homebrew/bin/packer", "execute", "packer-provisioner-shell"}
2025/08/16 16:46:13 Waiting for RPC address for: /opt/homebrew/bin/packer
2025/08/16 16:46:13 packer-provisioner-shell plugin: [INFO] Packer version: 1.12.0 [go1.22.9 darwin arm64]
2025/08/16 16:46:13 packer-provisioner-shell plugin: [INFO] PACKER_CONFIG env var not set; checking the default config file path
2025/08/16 16:46:13 packer-provisioner-shell plugin: [INFO] PACKER_CONFIG env var set; attempting to open config file: /Users/rtaparay/.packerconfig
2025/08/16 16:46:13 packer-provisioner-shell plugin: [WARN] Config file doesn't exist: /Users/rtaparay/.packerconfig
2025/08/16 16:46:13 packer-provisioner-shell plugin: [INFO] Setting cache directory: /Users/rtaparay/.cache/packer
2025/08/16 16:46:13 packer-provisioner-shell plugin: Plugin address: unix /var/folders/p1/xy04ngt97pz31g8xlmc445_m0000gp/T/packer-plugin158860715
2025/08/16 16:46:13 packer-provisioner-shell plugin: Waiting for connection...
2025/08/16 16:46:13 Received unix RPC address for /opt/homebrew/bin/packer: addr is /var/folders/p1/xy04ngt97pz31g8xlmc445_m0000gp/T/packer-plugin158860715
2025/08/16 16:46:13 packer-provisioner-shell plugin: Serving a plugin connection...
2025/08/16 16:46:13 packer-provisioner-shell plugin: [DEBUG] - common: sending ConfigSpec as gob
2025/08/16 16:46:13 [DEBUG] - common: receiving ConfigSpec as gob
2025/08/16 16:46:13 packer-provisioner-shell plugin: [DEBUG] - common: sending ConfigSpec as gob
2025/08/16 16:46:13 [DEBUG] - common: receiving ConfigSpec as gob

  on ubuntu-server-noble.pkr.hcl line 4:
  (source code not available)

Warning: 'iso_file' is deprecated and will be removed in a future release, define the boot iso options in a 'boot_iso' block

  on ubuntu-server-noble.pkr.hcl line 4:
  (source code not available)

Warning: 'iso_storage_pool' is deprecated and will be removed in a future release, define the boot iso options in a 'boot_iso' block

  on ubuntu-server-noble.pkr.hcl line 4:
  (source code not available)

Warning: 'unmount_iso' is deprecated and will be removed in a future release, define the boot iso options in a 'boot_iso' block

  on ubuntu-server-noble.pkr.hcl line 4:
  (source code not available)

2025/08/16 16:46:13 Build debug mode: false
2025/08/16 16:46:13 Force build: false
2025/08/16 16:46:13 On error: ask
2025/08/16 16:46:13 Waiting on builds to complete...
2025/08/16 16:46:13 Starting build run: ubuntu-server-noble.proxmox-iso.ubuntu-server-noble
2025/08/16 16:46:13 Running builder: proxmox-iso
2025/08/16 16:46:13 [INFO] (telemetry) Starting builder proxmox-iso.ubuntu-server-noble
Warning: storage_pool_type is deprecated and should be omitted, it will be removed in a later version of the proxmox plugin

  on ubuntu-server-noble.pkr.hcl line 4:
  (source code not available)

Warning: 'iso_file' is deprecated and will be removed in a future release, define the boot iso options in a 'boot_iso' block

  on ubuntu-server-noble.pkr.hcl line 4:
  (source code not available)

2025/08/16 16:46:13 packer-plugin-proxmox_v1.2.2_x5.0_darwin_arm64 plugin: 2025/08/16 16:46:13 using token auth
2025/08/16 16:46:13 packer-plugin-proxmox_v1.2.2_x5.0_darwin_arm64 plugin: 2025/08/16 16:46:13 No CD files specified. CD disk will not be made.
2025/08/16 16:46:13 packer-plugin-proxmox_v1.2.2_x5.0_darwin_arm64 plugin: 2025/08/16 16:46:13 No URLs were provided to Step Download. Continuing...
Warning: 'iso_storage_pool' is deprecated and will be removed in a future release, define the boot iso options in a 'boot_iso' block

2025/08/16 16:46:13 packer-plugin-proxmox_v1.2.2_x5.0_darwin_arm64 plugin: 2025/08/16 16:46:13 Mapping static assigned ISO to ide2
2025/08/16 16:46:13 packer-plugin-proxmox_v1.2.2_x5.0_darwin_arm64 plugin: 2025/08/16 16:46:13 Mapping Disk to virtio0
  on ubuntu-server-noble.pkr.hcl line 4:
  (source code not available)

Warning: 'unmount_iso' is deprecated and will be removed in a future release, define the boot iso options in a 'boot_iso' block

  on ubuntu-server-noble.pkr.hcl line 4:
  (source code not available)


[1;32mubuntu-server-noble.proxmox-iso.ubuntu-server-noble: output will be in this color.[0m

[1;32m==> ubuntu-server-noble.proxmox-iso.ubuntu-server-noble: Creating VM[0m
[1;32m==> ubuntu-server-noble.proxmox-iso.ubuntu-server-noble: Starting VM[0m
2025/08/16 16:46:30 packer-plugin-proxmox_v1.2.2_x5.0_darwin_arm64 plugin: 2025/08/16 16:46:30 Found available port: 8727 on IP: 0.0.0.0
[1;32m==> ubuntu-server-noble.proxmox-iso.ubuntu-server-noble: Starting HTTP server on port 8727[0m
[1;32m==> ubuntu-server-noble.proxmox-iso.ubuntu-server-noble: Waiting 15s for boot[0m
[1;32m==> ubuntu-server-noble.proxmox-iso.ubuntu-server-noble: Typing the boot command[0m
2025/08/16 16:46:45 packer-plugin-proxmox_v1.2.2_x5.0_darwin_arm64 plugin: 2025/08/16 16:46:45 [INFO] Waiting 1s
2025/08/16 16:46:46 packer-plugin-proxmox_v1.2.2_x5.0_darwin_arm64 plugin: 2025/08/16 16:46:46 [INFO] Waiting 1s
2025/08/16 16:46:47 packer-plugin-proxmox_v1.2.2_x5.0_darwin_arm64 plugin: 2025/08/16 16:46:47 [INFO] Waiting 1s
2025/08/16 16:46:49 packer-plugin-proxmox_v1.2.2_x5.0_darwin_arm64 plugin: 2025/08/16 16:46:49 [INFO] Waiting 1s
2025/08/16 16:46:50 packer-plugin-proxmox_v1.2.2_x5.0_darwin_arm64 plugin: 2025/08/16 16:46:50 [INFO] Waiting 1s
2025/08/16 16:46:54 packer-plugin-proxmox_v1.2.2_x5.0_darwin_arm64 plugin: 2025/08/16 16:46:54 [DEBUG] Unable to get address during connection step: 500 QEMU guest agent is not running
2025/08/16 16:46:54 packer-plugin-proxmox_v1.2.2_x5.0_darwin_arm64 plugin: 2025/08/16 16:46:54 [INFO] Waiting for SSH, up to timeout: 15m0s
[1;32m==> ubuntu-server-noble.proxmox-iso.ubuntu-server-noble: Waiting for SSH to become available...[0m
2025/08/16 16:46:57 packer-plugin-proxmox_v1.2.2_x5.0_darwin_arm64 plugin: 2025/08/16 16:46:57 [DEBUG] Error getting SSH address: 500 QEMU guest agent is not running
2025/08/16 16:47:05 packer-plugin-proxmox_v1.2.2_x5.0_darwin_arm64 plugin: 2025/08/16 16:47:05 [DEBUG] Error getting SSH address: 500 QEMU guest agent is not running
2025/08/16 16:47:13 packer-plugin-proxmox_v1.2.2_x5.0_darwin_arm64 plugin: 2025/08/16 16:47:13 [DEBUG] Error getting SSH address: 500 QEMU guest agent is not running
2025/08/16 16:47:21 packer-plugin-proxmox_v1.2.2_x5.0_darwin_arm64 plugin: 2025/08/16 16:47:21 [DEBUG] Error getting SSH address: 500 QEMU guest agent is not running
2025/08/16 16:47:29 packer-plugin-proxmox_v1.2.2_x5.0_darwin_arm64 plugin: 2025/08/16 16:47:29 [DEBUG] Error getting SSH address: 500 QEMU guest agent is not running
2025/08/16 16:47:37 packer-plugin-proxmox_v1.2.2_x5.0_darwin_arm64 plugin: 2025/08/16 16:47:37 [DEBUG] Error getting SSH address: 500 QEMU guest agent is not running
2025/08/16 16:47:45 packer-plugin-proxmox_v1.2.2_x5.0_darwin_arm64 plugin: 2025/08/16 16:47:45 [DEBUG] Error getting SSH address: 500 QEMU guest agent is not running
2025/08/16 16:47:53 packer-plugin-proxmox_v1.2.2_x5.0_darwin_arm64 plugin: 2025/08/16 16:47:53 [DEBUG] Error getting SSH address: 500 QEMU guest agent is not running
2025/08/16 16:48:01 packer-plugin-proxmox_v1.2.2_x5.0_darwin_arm64 plugin: 2025/08/16 16:48:01 [DEBUG] Error getting SSH address: 500 QEMU guest agent is not running
2025/08/16 16:48:09 packer-plugin-proxmox_v1.2.2_x5.0_darwin_arm64 plugin: 2025/08/16 16:48:09 [DEBUG] Error getting SSH address: 500 QEMU guest agent is not running
2025/08/16 16:48:17 packer-plugin-proxmox_v1.2.2_x5.0_darwin_arm64 plugin: 2025/08/16 16:48:17 [DEBUG] Error getting SSH address: 500 QEMU guest agent is not running
2025/08/16 16:48:25 packer-plugin-proxmox_v1.2.2_x5.0_darwin_arm64 plugin: 2025/08/16 16:48:25 [DEBUG] Error getting SSH address: 500 QEMU guest agent is not running
2025/08/16 16:48:33 packer-plugin-proxmox_v1.2.2_x5.0_darwin_arm64 plugin: 2025/08/16 16:48:33 [DEBUG] Error getting SSH address: 500 QEMU guest agent is not running
2025/08/16 16:48:41 packer-plugin-proxmox_v1.2.2_x5.0_darwin_arm64 plugin: 2025/08/16 16:48:41 [DEBUG] Error getting SSH address: 500 QEMU guest agent is not running
2025/08/16 16:48:49 packer-plugin-proxmox_v1.2.2_x5.0_darwin_arm64 plugin: 2025/08/16 16:48:49 [DEBUG] Error getting SSH address: 500 QEMU guest agent is not running
2025/08/16 16:48:57 packer-plugin-proxmox_v1.2.2_x5.0_darwin_arm64 plugin: 2025/08/16 16:48:57 [DEBUG] Error getting SSH address: 500 QEMU guest agent is not running
2025/08/16 16:49:05 packer-plugin-proxmox_v1.2.2_x5.0_darwin_arm64 plugin: 2025/08/16 16:49:05 [DEBUG] Error getting SSH address: 500 QEMU guest agent is not running
2025/08/16 16:49:13 packer-plugin-proxmox_v1.2.2_x5.0_darwin_arm64 plugin: 2025/08/16 16:49:13 [DEBUG] Error getting SSH address: 500 QEMU guest agent is not running
2025/08/16 16:49:21 packer-plugin-proxmox_v1.2.2_x5.0_darwin_arm64 plugin: 2025/08/16 16:49:21 [DEBUG] Error getting SSH address: 500 QEMU guest agent is not running
2025/08/16 16:49:29 packer-plugin-proxmox_v1.2.2_x5.0_darwin_arm64 plugin: 2025/08/16 16:49:29 [DEBUG] Error getting SSH address: 500 QEMU guest agent is not running
2025/08/16 16:49:37 packer-plugin-proxmox_v1.2.2_x5.0_darwin_arm64 plugin: 2025/08/16 16:49:37 [DEBUG] Error getting SSH address: 500 QEMU guest agent is not running
2025/08/16 16:49:45 packer-plugin-proxmox_v1.2.2_x5.0_darwin_arm64 plugin: 2025/08/16 16:49:45 [DEBUG] Error getting SSH address: 500 QEMU guest agent is not running
2025/08/16 16:49:53 packer-plugin-proxmox_v1.2.2_x5.0_darwin_arm64 plugin: 2025/08/16 16:49:53 [DEBUG] Error getting SSH address: 500 QEMU guest agent is not running
2025/08/16 16:50:01 packer-plugin-proxmox_v1.2.2_x5.0_darwin_arm64 plugin: 2025/08/16 16:50:01 [DEBUG] Error getting SSH address: 500 QEMU guest agent is not running
2025/08/16 16:50:09 packer-plugin-proxmox_v1.2.2_x5.0_darwin_arm64 plugin: 2025/08/16 16:50:09 [DEBUG] Error getting SSH address: 500 QEMU guest agent is not running
2025/08/16 16:50:17 packer-plugin-proxmox_v1.2.2_x5.0_darwin_arm64 plugin: 2025/08/16 16:50:17 [DEBUG] Error getting SSH address: 500 QEMU guest agent is not running
2025/08/16 16:50:25 packer-plugin-proxmox_v1.2.2_x5.0_darwin_arm64 plugin: 2025/08/16 16:50:25 [DEBUG] Error getting SSH address: 500 QEMU guest agent is not running
2025/08/16 16:50:33 packer-plugin-proxmox_v1.2.2_x5.0_darwin_arm64 plugin: 2025/08/16 16:50:33 [DEBUG] Error getting SSH address: 500 QEMU guest agent is not running
2025/08/16 16:50:41 packer-plugin-proxmox_v1.2.2_x5.0_darwin_arm64 plugin: 2025/08/16 16:50:41 [DEBUG] Error getting SSH address: 500 QEMU guest agent is not running
2025/08/16 16:50:49 packer-plugin-proxmox_v1.2.2_x5.0_darwin_arm64 plugin: 2025/08/16 16:50:49 [DEBUG] Error getting SSH address: 500 QEMU guest agent is not running
2025/08/16 16:50:57 packer-plugin-proxmox_v1.2.2_x5.0_darwin_arm64 plugin: 2025/08/16 16:50:57 [DEBUG] Error getting SSH address: 500 QEMU guest agent is not running
2025/08/16 16:51:05 packer-plugin-proxmox_v1.2.2_x5.0_darwin_arm64 plugin: 2025/08/16 16:51:05 [DEBUG] Error getting SSH address: 500 QEMU guest agent is not running
2025/08/16 16:51:13 packer-plugin-proxmox_v1.2.2_x5.0_darwin_arm64 plugin: 2025/08/16 16:51:13 [DEBUG] Error getting SSH address: 500 QEMU guest agent is not running
2025/08/16 16:51:21 packer-plugin-proxmox_v1.2.2_x5.0_darwin_arm64 plugin: 2025/08/16 16:51:21 [DEBUG] Error getting SSH address: 500 QEMU guest agent is not running
2025/08/16 16:51:29 packer-plugin-proxmox_v1.2.2_x5.0_darwin_arm64 plugin: 2025/08/16 16:51:29 [DEBUG] Error getting SSH address: 500 QEMU guest agent is not running
2025/08/16 16:51:37 packer-plugin-proxmox_v1.2.2_x5.0_darwin_arm64 plugin: 2025/08/16 16:51:37 [DEBUG] Error getting SSH address: 500 QEMU guest agent is not running
2025/08/16 16:51:45 packer-plugin-proxmox_v1.2.2_x5.0_darwin_arm64 plugin: 2025/08/16 16:51:45 [DEBUG] Error getting SSH address: 500 QEMU guest agent is not running
2025/08/16 16:51:53 packer-plugin-proxmox_v1.2.2_x5.0_darwin_arm64 plugin: 2025/08/16 16:51:53 [DEBUG] Error getting SSH address: 500 QEMU guest agent is not running
2025/08/16 16:52:01 packer-plugin-proxmox_v1.2.2_x5.0_darwin_arm64 plugin: 2025/08/16 16:52:01 [DEBUG] Error getting SSH address: 500 QEMU guest agent is not running
2025/08/16 16:52:10 packer-plugin-proxmox_v1.2.2_x5.0_darwin_arm64 plugin: 2025/08/16 16:52:10 [DEBUG] Error getting SSH address: 500 QEMU guest agent is not running
2025/08/16 16:52:18 packer-plugin-proxmox_v1.2.2_x5.0_darwin_arm64 plugin: 2025/08/16 16:52:18 [DEBUG] Error getting SSH address: 500 QEMU guest agent is not running
2025/08/16 16:52:26 packer-plugin-proxmox_v1.2.2_x5.0_darwin_arm64 plugin: 2025/08/16 16:52:26 [DEBUG] Error getting SSH address: 500 QEMU guest agent is not running
2025/08/16 16:52:34 packer-plugin-proxmox_v1.2.2_x5.0_darwin_arm64 plugin: 2025/08/16 16:52:34 [DEBUG] Error getting SSH address: 500 QEMU guest agent is not running
2025/08/16 16:52:42 packer-plugin-proxmox_v1.2.2_x5.0_darwin_arm64 plugin: 2025/08/16 16:52:42 [DEBUG] Error getting SSH address: 500 QEMU guest agent is not running
2025/08/16 16:52:50 packer-plugin-proxmox_v1.2.2_x5.0_darwin_arm64 plugin: 2025/08/16 16:52:50 [DEBUG] Error getting SSH address: 500 QEMU guest agent is not running
2025/08/16 16:52:58 packer-plugin-proxmox_v1.2.2_x5.0_darwin_arm64 plugin: 2025/08/16 16:52:58 [DEBUG] Error getting SSH address: 500 QEMU guest agent is not running
2025/08/16 16:53:06 packer-plugin-proxmox_v1.2.2_x5.0_darwin_arm64 plugin: 2025/08/16 16:53:06 [DEBUG] Error getting SSH address: 500 QEMU guest agent is not running
2025/08/16 16:53:14 packer-plugin-proxmox_v1.2.2_x5.0_darwin_arm64 plugin: 2025/08/16 16:53:14 [DEBUG] Error getting SSH address: 500 QEMU guest agent is not running
2025/08/16 16:53:22 packer-plugin-proxmox_v1.2.2_x5.0_darwin_arm64 plugin: 2025/08/16 16:53:22 [DEBUG] Error getting SSH address: 500 QEMU guest agent is not running
2025/08/16 16:53:30 packer-plugin-proxmox_v1.2.2_x5.0_darwin_arm64 plugin: 2025/08/16 16:53:30 [DEBUG] Error getting SSH address: 500 QEMU guest agent is not running
2025/08/16 16:53:38 packer-plugin-proxmox_v1.2.2_x5.0_darwin_arm64 plugin: 2025/08/16 16:53:38 [DEBUG] Error getting SSH address: 500 QEMU guest agent is not running
2025/08/16 16:53:46 packer-plugin-proxmox_v1.2.2_x5.0_darwin_arm64 plugin: 2025/08/16 16:53:46 [DEBUG] Error getting SSH address: 500 QEMU guest agent is not running
2025/08/16 16:53:54 packer-plugin-proxmox_v1.2.2_x5.0_darwin_arm64 plugin: 2025/08/16 16:53:54 [DEBUG] Error getting SSH address: 500 QEMU guest agent is not running
2025/08/16 16:54:02 packer-plugin-proxmox_v1.2.2_x5.0_darwin_arm64 plugin: 2025/08/16 16:54:02 [DEBUG] Error getting SSH address: 500 QEMU guest agent is not running
2025/08/16 16:54:10 packer-plugin-proxmox_v1.2.2_x5.0_darwin_arm64 plugin: 2025/08/16 16:54:10 [DEBUG] Error getting SSH address: 500 QEMU guest agent is not running
2025/08/16 16:54:18 packer-plugin-proxmox_v1.2.2_x5.0_darwin_arm64 plugin: 2025/08/16 16:54:18 [DEBUG] Error getting SSH address: 500 QEMU guest agent is not running
2025/08/16 16:54:26 packer-plugin-proxmox_v1.2.2_x5.0_darwin_arm64 plugin: 2025/08/16 16:54:26 [DEBUG] Error getting SSH address: 500 QEMU guest agent is not running
2025/08/16 16:54:34 packer-plugin-proxmox_v1.2.2_x5.0_darwin_arm64 plugin: 2025/08/16 16:54:34 [DEBUG] Error getting SSH address: 500 QEMU guest agent is not running
2025/08/16 16:54:42 packer-plugin-proxmox_v1.2.2_x5.0_darwin_arm64 plugin: 2025/08/16 16:54:42 [DEBUG] Error getting SSH address: 500 QEMU guest agent is not running
2025/08/16 16:54:50 packer-plugin-proxmox_v1.2.2_x5.0_darwin_arm64 plugin: 2025/08/16 16:54:50 [DEBUG] Error getting SSH address: 500 QEMU guest agent is not running
2025/08/16 16:54:58 packer-plugin-proxmox_v1.2.2_x5.0_darwin_arm64 plugin: 2025/08/16 16:54:58 [DEBUG] Error getting SSH address: 500 QEMU guest agent is not running
2025/08/16 16:55:06 packer-plugin-proxmox_v1.2.2_x5.0_darwin_arm64 plugin: 2025/08/16 16:55:06 [DEBUG] Error getting SSH address: 500 QEMU guest agent is not running
2025/08/16 16:55:14 packer-plugin-proxmox_v1.2.2_x5.0_darwin_arm64 plugin: 2025/08/16 16:55:14 [DEBUG] Error getting SSH address: 500 QEMU guest agent is not running
2025/08/16 16:55:22 packer-plugin-proxmox_v1.2.2_x5.0_darwin_arm64 plugin: 2025/08/16 16:55:22 [DEBUG] Error getting SSH address: 500 QEMU guest agent is not running
2025/08/16 16:55:30 packer-plugin-proxmox_v1.2.2_x5.0_darwin_arm64 plugin: 2025/08/16 16:55:30 [DEBUG] Error getting SSH address: 500 QEMU guest agent is not running
2025/08/16 16:55:38 packer-plugin-proxmox_v1.2.2_x5.0_darwin_arm64 plugin: 2025/08/16 16:55:38 [DEBUG] Error getting SSH address: 500 QEMU guest agent is not running
2025/08/16 16:55:46 packer-plugin-proxmox_v1.2.2_x5.0_darwin_arm64 plugin: 2025/08/16 16:55:46 [DEBUG] Error getting SSH address: 500 QEMU guest agent is not running
2025/08/16 16:55:54 packer-plugin-proxmox_v1.2.2_x5.0_darwin_arm64 plugin: 2025/08/16 16:55:54 [DEBUG] Error getting SSH address: 500 QEMU guest agent is not running
2025/08/16 16:56:02 packer-plugin-proxmox_v1.2.2_x5.0_darwin_arm64 plugin: 2025/08/16 16:56:02 [DEBUG] Error getting SSH address: 500 QEMU guest agent is not running
2025/08/16 16:56:10 packer-plugin-proxmox_v1.2.2_x5.0_darwin_arm64 plugin: 2025/08/16 16:56:10 [DEBUG] Error getting SSH address: 500 QEMU guest agent is not running
2025/08/16 16:56:18 packer-plugin-proxmox_v1.2.2_x5.0_darwin_arm64 plugin: 2025/08/16 16:56:18 [DEBUG] Error getting SSH address: 500 QEMU guest agent is not running
2025/08/16 16:56:26 packer-plugin-proxmox_v1.2.2_x5.0_darwin_arm64 plugin: 2025/08/16 16:56:26 [DEBUG] Error getting SSH address: 500 QEMU guest agent is not running
2025/08/16 16:56:34 packer-plugin-proxmox_v1.2.2_x5.0_darwin_arm64 plugin: 2025/08/16 16:56:34 [DEBUG] Error getting SSH address: 500 QEMU guest agent is not running
2025/08/16 16:56:40 packer-plugin-proxmox_v1.2.2_x5.0_darwin_arm64 plugin: 2025/08/16 16:56:40 [INFO] Attempting SSH connection to 192.168.100.160:22...
2025/08/16 16:56:40 packer-plugin-proxmox_v1.2.2_x5.0_darwin_arm64 plugin: 2025/08/16 16:56:40 [DEBUG] reconnecting to TCP connection for SSH
2025/08/16 16:56:40 packer-plugin-proxmox_v1.2.2_x5.0_darwin_arm64 plugin: 2025/08/16 16:56:40 [DEBUG] handshaking with SSH
2025/08/16 16:56:45 packer-plugin-proxmox_v1.2.2_x5.0_darwin_arm64 plugin: 2025/08/16 16:56:45 [DEBUG] handshake complete!
2025/08/16 16:56:45 packer-plugin-proxmox_v1.2.2_x5.0_darwin_arm64 plugin: 2025/08/16 16:56:45 [DEBUG] Opening new ssh session
2025/08/16 16:56:51 packer-plugin-proxmox_v1.2.2_x5.0_darwin_arm64 plugin: 2025/08/16 16:56:51 [INFO] agent forwarding enabled
[1;32m==> ubuntu-server-noble.proxmox-iso.ubuntu-server-noble: Connected to SSH![0m
2025/08/16 16:56:51 packer-plugin-proxmox_v1.2.2_x5.0_darwin_arm64 plugin: 2025/08/16 16:56:51 Running the provision hook
2025/08/16 16:56:51 [INFO] (telemetry) Starting provisioner shell
2025/08/16 16:56:51 packer-provisioner-shell plugin: [DEBUG] - common: sending ConfigSpec as gob
2025/08/16 16:56:51 [DEBUG] - common: receiving ConfigSpec as gob
[1;32m==> ubuntu-server-noble.proxmox-iso.ubuntu-server-noble: Provisioning with shell script: /var/folders/p1/xy04ngt97pz31g8xlmc445_m0000gp/T/packer-shell1388005288[0m
2025/08/16 16:56:51 packer-provisioner-shell plugin: Opening /var/folders/p1/xy04ngt97pz31g8xlmc445_m0000gp/T/packer-shell1388005288 for reading
2025/08/16 16:56:51 packer-provisioner-shell plugin: [INFO] 410 bytes written for 'uploadData'
2025/08/16 16:56:51 [INFO] 410 bytes written for 'uploadData'
2025/08/16 16:56:51 packer-plugin-proxmox_v1.2.2_x5.0_darwin_arm64 plugin: 2025/08/16 16:56:51 [DEBUG] Opening new ssh session
2025/08/16 16:56:51 packer-plugin-proxmox_v1.2.2_x5.0_darwin_arm64 plugin: 2025/08/16 16:56:51 [DEBUG] Starting remote scp process:  scp -vt /tmp
2025/08/16 16:56:51 packer-plugin-proxmox_v1.2.2_x5.0_darwin_arm64 plugin: 2025/08/16 16:56:51 [DEBUG] Started SCP session, beginning transfers...
2025/08/16 16:56:51 packer-plugin-proxmox_v1.2.2_x5.0_darwin_arm64 plugin: 2025/08/16 16:56:51 [DEBUG] Copying input data into temporary file so we can read the length
2025/08/16 16:56:51 packer-plugin-proxmox_v1.2.2_x5.0_darwin_arm64 plugin: 2025/08/16 16:56:51 [DEBUG] scp: Uploading script_7189.sh: perms=C0644 size=410
2025/08/16 16:56:51 packer-plugin-proxmox_v1.2.2_x5.0_darwin_arm64 plugin: 2025/08/16 16:56:51 [DEBUG] SCP session complete, closing stdin pipe.
2025/08/16 16:56:51 packer-plugin-proxmox_v1.2.2_x5.0_darwin_arm64 plugin: 2025/08/16 16:56:51 [DEBUG] Waiting for SSH session to complete.
2025/08/16 16:56:51 packer-plugin-proxmox_v1.2.2_x5.0_darwin_arm64 plugin: 2025/08/16 16:56:51 [DEBUG] scp stderr (length 70): Sink: C0644 410 script_7189.sh
2025/08/16 16:56:51 packer-plugin-proxmox_v1.2.2_x5.0_darwin_arm64 plugin: scp: debug1: fd 0 clearing O_NONBLOCK
2025/08/16 16:56:51 packer-plugin-proxmox_v1.2.2_x5.0_darwin_arm64 plugin: 2025/08/16 16:56:51 [DEBUG] Opening new ssh session
2025/08/16 16:56:51 packer-plugin-proxmox_v1.2.2_x5.0_darwin_arm64 plugin: 2025/08/16 16:56:51 [DEBUG] starting remote command: chmod 0755 /tmp/script_7189.sh
2025/08/16 16:56:51 packer-plugin-proxmox_v1.2.2_x5.0_darwin_arm64 plugin: 2025/08/16 16:56:51 [INFO] RPC endpoint: Communicator ended with: 0
2025/08/16 16:56:51 [INFO] RPC client: Communicator ended with: 0
2025/08/16 16:56:51 [INFO] RPC endpoint: Communicator ended with: 0
2025/08/16 16:56:51 packer-provisioner-shell plugin: [INFO] RPC client: Communicator ended with: 0
2025/08/16 16:56:51 packer-plugin-proxmox_v1.2.2_x5.0_darwin_arm64 plugin: 2025/08/16 16:56:51 [DEBUG] Opening new ssh session
2025/08/16 16:56:51 packer-plugin-proxmox_v1.2.2_x5.0_darwin_arm64 plugin: 2025/08/16 16:56:51 [DEBUG] starting remote command: chmod +x /tmp/script_7189.sh; PACKER_BUILDER_TYPE='proxmox-iso' PACKER_BUILD_NAME='ubuntu-server-noble' PACKER_HTTP_ADDR='192.168.100.7:8727' PACKER_HTTP_IP='192.168.100.7' PACKER_HTTP_PORT='8727'  /tmp/script_7189.sh
[0;32m    ubuntu-server-noble.proxmox-iso.ubuntu-server-noble: Waiting for cloud-init...[0m
[0;32m    ubuntu-server-noble.proxmox-iso.ubuntu-server-noble: Leyendo lista de paquetes... Hecho[0m
[0;32m    ubuntu-server-noble.proxmox-iso.ubuntu-server-noble: Creando árbol de dependencias... Hecho[0m
[0;32m    ubuntu-server-noble.proxmox-iso.ubuntu-server-noble: Leyendo la información de estado... Hecho[0m
[0;32m    ubuntu-server-noble.proxmox-iso.ubuntu-server-noble: 0 actualizados, 0 nuevos se instalarán, 0 para eliminar y 3 no actualizados.[0m
[0;32m    ubuntu-server-noble.proxmox-iso.ubuntu-server-noble: Leyendo lista de paquetes... Hecho[0m
[0;32m    ubuntu-server-noble.proxmox-iso.ubuntu-server-noble: Creando árbol de dependencias... Hecho[0m
[0;32m    ubuntu-server-noble.proxmox-iso.ubuntu-server-noble: Leyendo la información de estado... Hecho[0m
2025/08/16 16:56:56 packer-plugin-proxmox_v1.2.2_x5.0_darwin_arm64 plugin: 2025/08/16 16:56:56 [INFO] RPC endpoint: Communicator ended with: 0
2025/08/16 16:56:56 [INFO] 2963 bytes written for 'stdout'
2025/08/16 16:56:56 [INFO] 0 bytes written for 'stderr'
2025/08/16 16:56:56 [INFO] RPC client: Communicator ended with: 0
2025/08/16 16:56:56 [INFO] RPC endpoint: Communicator ended with: 0
2025/08/16 16:56:56 packer-provisioner-shell plugin: [INFO] 2963 bytes written for 'stdout'
2025/08/16 16:56:56 packer-provisioner-shell plugin: [INFO] 0 bytes written for 'stderr'
2025/08/16 16:56:56 packer-provisioner-shell plugin: [INFO] RPC client: Communicator ended with: 0
2025/08/16 16:56:56 packer-plugin-proxmox_v1.2.2_x5.0_darwin_arm64 plugin: 2025/08/16 16:56:56 [DEBUG] Opening new ssh session
2025/08/16 16:56:56 packer-plugin-proxmox_v1.2.2_x5.0_darwin_arm64 plugin: 2025/08/16 16:56:56 [DEBUG] starting remote command: rm -f /tmp/script_7189.sh
2025/08/16 16:56:56 packer-plugin-proxmox_v1.2.2_x5.0_darwin_arm64 plugin: 2025/08/16 16:56:56 [INFO] RPC endpoint: Communicator ended with: 0
2025/08/16 16:56:56 [INFO] RPC client: Communicator ended with: 0
2025/08/16 16:56:56 [INFO] RPC endpoint: Communicator ended with: 0
2025/08/16 16:56:56 packer-provisioner-shell plugin: [INFO] RPC client: Communicator ended with: 0
2025/08/16 16:56:56 packer-plugin-proxmox_v1.2.2_x5.0_darwin_arm64 plugin: 2025/08/16 16:56:56 [DEBUG] Opening new ssh session
2025/08/16 16:56:56 packer-plugin-proxmox_v1.2.2_x5.0_darwin_arm64 plugin: 2025/08/16 16:56:56 [DEBUG] starting remote command: rm -f
2025/08/16 16:56:56 packer-plugin-proxmox_v1.2.2_x5.0_darwin_arm64 plugin: 2025/08/16 16:56:56 [INFO] RPC endpoint: Communicator ended with: 0
2025/08/16 16:56:56 [INFO] RPC client: Communicator ended with: 0
2025/08/16 16:56:56 [INFO] RPC endpoint: Communicator ended with: 0
2025/08/16 16:56:56 packer-provisioner-shell plugin: [INFO] RPC client: Communicator ended with: 0
2025/08/16 16:56:56 [INFO] (telemetry) ending shell
2025/08/16 16:56:56 [INFO] (telemetry) Starting provisioner file
2025/08/16 16:56:56 packer-provisioner-file plugin: [DEBUG] - common: sending ConfigSpec as gob
2025/08/16 16:56:56 [DEBUG] - common: receiving ConfigSpec as gob
[1;32m==> ubuntu-server-noble.proxmox-iso.ubuntu-server-noble: Uploading files/99-pve.cfg => /tmp/99-pve.cfg[0m
2025/08/16 16:56:56 packer-plugin-proxmox_v1.2.2_x5.0_darwin_arm64 plugin: 2025/08/16 16:56:56 [DEBUG] Opening new ssh session
2025/08/16 16:56:56 packer-plugin-proxmox_v1.2.2_x5.0_darwin_arm64 plugin: 2025/08/16 16:56:56 [DEBUG] Starting remote scp process:  scp -vt /tmp
2025/08/16 16:56:56 packer-provisioner-file plugin: [INFO] 40 bytes written for 'uploadData'
2025/08/16 16:56:56 [INFO] 40 bytes written for 'uploadData'
2025/08/16 16:56:56 packer-plugin-proxmox_v1.2.2_x5.0_darwin_arm64 plugin: 2025/08/16 16:56:56 [DEBUG] Started SCP session, beginning transfers...
2025/08/16 16:56:56 packer-plugin-proxmox_v1.2.2_x5.0_darwin_arm64 plugin: 2025/08/16 16:56:56 [DEBUG] scp: Uploading 99-pve.cfg: perms=C0644 size=40
2025/08/16 16:56:56 packer-plugin-proxmox_v1.2.2_x5.0_darwin_arm64 plugin: 2025/08/16 16:56:56 [DEBUG] SCP session complete, closing stdin pipe.
2025/08/16 16:56:56 packer-plugin-proxmox_v1.2.2_x5.0_darwin_arm64 plugin: 2025/08/16 16:56:56 [DEBUG] Waiting for SSH session to complete.
2025/08/16 16:56:56 packer-plugin-proxmox_v1.2.2_x5.0_darwin_arm64 plugin: 2025/08/16 16:56:56 [DEBUG] scp stderr (length 65): Sink: C0644 40 99-pve.cfg
2025/08/16 16:56:56 packer-plugin-proxmox_v1.2.2_x5.0_darwin_arm64 plugin: scp: debug1: fd 0 clearing O_NONBLOCK
2025/08/16 16:56:56 packer-provisioner-file plugin: closing
2025/08/16 16:56:56 closing
2025/08/16 16:56:56 packer-plugin-proxmox_v1.2.2_x5.0_darwin_arm64 plugin: 2025/08/16 16:56:56 closing
[0;32m    ubuntu-server-noble.proxmox-iso.ubuntu-server-noble: 99-pve.cfg[0m 40 B / 40 B [=====================================] 100.00% 0s
2025/08/16 16:56:56 [INFO] (telemetry) ending file
2025/08/16 16:56:56 [INFO] (telemetry) Starting provisioner shell
[1A[0;32m    ubuntu-server-noble.proxmox-iso.ubuntu-server-noble: 99-pve.cfg[0m 40 B / 40 B [=====================================] 100.00% 0s
2025/08/16 16:56:56 packer-provisioner-shell plugin: [DEBUG] - common: sending ConfigSpec as gob
2025/08/16 16:56:56 [DEBUG] - common: receiving ConfigSpec as gob
[1;32m==> ubuntu-server-noble.proxmox-iso.ubuntu-server-noble: Provisioning with shell script: /var/folders/p1/xy04ngt97pz31g8xlmc445_m0000gp/T/packer-shell2538661162[0m
2025/08/16 16:56:56 packer-provisioner-shell plugin: Opening /var/folders/p1/xy04ngt97pz31g8xlmc445_m0000gp/T/packer-shell2538661162 for reading
2025/08/16 16:56:56 packer-provisioner-shell plugin: [INFO] 71 bytes written for 'uploadData'
2025/08/16 16:56:56 [INFO] 71 bytes written for 'uploadData'
2025/08/16 16:56:56 packer-plugin-proxmox_v1.2.2_x5.0_darwin_arm64 plugin: 2025/08/16 16:56:56 [DEBUG] Opening new ssh session
2025/08/16 16:56:56 packer-plugin-proxmox_v1.2.2_x5.0_darwin_arm64 plugin: 2025/08/16 16:56:56 [DEBUG] Starting remote scp process:  scp -vt /tmp
2025/08/16 16:56:56 packer-plugin-proxmox_v1.2.2_x5.0_darwin_arm64 plugin: 2025/08/16 16:56:56 [DEBUG] Started SCP session, beginning transfers...
2025/08/16 16:56:56 packer-plugin-proxmox_v1.2.2_x5.0_darwin_arm64 plugin: 2025/08/16 16:56:56 [DEBUG] Copying input data into temporary file so we can read the length
2025/08/16 16:56:56 packer-plugin-proxmox_v1.2.2_x5.0_darwin_arm64 plugin: 2025/08/16 16:56:56 [DEBUG] scp: Uploading script_9027.sh: perms=C0644 size=71
2025/08/16 16:56:56 packer-plugin-proxmox_v1.2.2_x5.0_darwin_arm64 plugin: 2025/08/16 16:56:56 [DEBUG] SCP session complete, closing stdin pipe.
2025/08/16 16:56:56 packer-plugin-proxmox_v1.2.2_x5.0_darwin_arm64 plugin: 2025/08/16 16:56:56 [DEBUG] Waiting for SSH session to complete.
2025/08/16 16:56:56 packer-plugin-proxmox_v1.2.2_x5.0_darwin_arm64 plugin: 2025/08/16 16:56:56 [DEBUG] scp stderr (length 69): Sink: C0644 71 script_9027.sh
2025/08/16 16:56:56 packer-plugin-proxmox_v1.2.2_x5.0_darwin_arm64 plugin: scp: debug1: fd 0 clearing O_NONBLOCK
2025/08/16 16:56:56 packer-plugin-proxmox_v1.2.2_x5.0_darwin_arm64 plugin: 2025/08/16 16:56:56 [DEBUG] Opening new ssh session
2025/08/16 16:56:56 packer-plugin-proxmox_v1.2.2_x5.0_darwin_arm64 plugin: 2025/08/16 16:56:56 [DEBUG] starting remote command: chmod 0755 /tmp/script_9027.sh
2025/08/16 16:56:56 packer-plugin-proxmox_v1.2.2_x5.0_darwin_arm64 plugin: 2025/08/16 16:56:56 [INFO] RPC endpoint: Communicator ended with: 0
2025/08/16 16:56:56 [INFO] RPC client: Communicator ended with: 0
2025/08/16 16:56:56 [INFO] RPC endpoint: Communicator ended with: 0
2025/08/16 16:56:56 packer-provisioner-shell plugin: [INFO] RPC client: Communicator ended with: 0
2025/08/16 16:56:56 packer-plugin-proxmox_v1.2.2_x5.0_darwin_arm64 plugin: 2025/08/16 16:56:56 [DEBUG] Opening new ssh session
2025/08/16 16:56:56 packer-plugin-proxmox_v1.2.2_x5.0_darwin_arm64 plugin: 2025/08/16 16:56:56 [DEBUG] starting remote command: chmod +x /tmp/script_9027.sh; PACKER_BUILDER_TYPE='proxmox-iso' PACKER_BUILD_NAME='ubuntu-server-noble' PACKER_HTTP_ADDR='192.168.100.7:8727' PACKER_HTTP_IP='192.168.100.7' PACKER_HTTP_PORT='8727'  /tmp/script_9027.sh
2025/08/16 16:56:56 packer-plugin-proxmox_v1.2.2_x5.0_darwin_arm64 plugin: 2025/08/16 16:56:56 [INFO] RPC endpoint: Communicator ended with: 0
2025/08/16 16:56:56 [INFO] 0 bytes written for 'stdout'
2025/08/16 16:56:56 [INFO] 0 bytes written for 'stderr'
2025/08/16 16:56:56 [INFO] RPC client: Communicator ended with: 0
2025/08/16 16:56:56 [INFO] RPC endpoint: Communicator ended with: 0
2025/08/16 16:56:56 packer-provisioner-shell plugin: [INFO] 0 bytes written for 'stdout'
2025/08/16 16:56:56 packer-provisioner-shell plugin: [INFO] 0 bytes written for 'stderr'
2025/08/16 16:56:56 packer-provisioner-shell plugin: [INFO] RPC client: Communicator ended with: 0
2025/08/16 16:56:56 packer-plugin-proxmox_v1.2.2_x5.0_darwin_arm64 plugin: 2025/08/16 16:56:56 [DEBUG] Opening new ssh session
2025/08/16 16:56:56 packer-plugin-proxmox_v1.2.2_x5.0_darwin_arm64 plugin: 2025/08/16 16:56:56 [DEBUG] starting remote command: rm -f /tmp/script_9027.sh
2025/08/16 16:56:56 packer-plugin-proxmox_v1.2.2_x5.0_darwin_arm64 plugin: 2025/08/16 16:56:56 [INFO] RPC endpoint: Communicator ended with: 0
2025/08/16 16:56:56 [INFO] RPC client: Communicator ended with: 0
2025/08/16 16:56:56 [INFO] RPC endpoint: Communicator ended with: 0
2025/08/16 16:56:56 packer-provisioner-shell plugin: [INFO] RPC client: Communicator ended with: 0
2025/08/16 16:56:56 packer-plugin-proxmox_v1.2.2_x5.0_darwin_arm64 plugin: 2025/08/16 16:56:56 [DEBUG] Opening new ssh session
2025/08/16 16:56:56 packer-plugin-proxmox_v1.2.2_x5.0_darwin_arm64 plugin: 2025/08/16 16:56:56 [DEBUG] starting remote command: rm -f
2025/08/16 16:56:56 packer-plugin-proxmox_v1.2.2_x5.0_darwin_arm64 plugin: 2025/08/16 16:56:56 [INFO] RPC endpoint: Communicator ended with: 0
2025/08/16 16:56:56 [INFO] RPC client: Communicator ended with: 0
2025/08/16 16:56:56 [INFO] RPC endpoint: Communicator ended with: 0
2025/08/16 16:56:56 packer-provisioner-shell plugin: [INFO] RPC client: Communicator ended with: 0
2025/08/16 16:56:56 [INFO] (telemetry) ending shell
2025/08/16 16:56:56 [INFO] (telemetry) Starting provisioner file
2025/08/16 16:56:56 packer-provisioner-file plugin: [DEBUG] - common: sending ConfigSpec as gob
2025/08/16 16:56:56 [DEBUG] - common: receiving ConfigSpec as gob
[1;32m==> ubuntu-server-noble.proxmox-iso.ubuntu-server-noble: Uploading scripts/install-kubeadm.sh => /tmp/install-kubeadm.sh[0m
2025/08/16 16:56:56 packer-plugin-proxmox_v1.2.2_x5.0_darwin_arm64 plugin: 2025/08/16 16:56:56 [DEBUG] Opening new ssh session
2025/08/16 16:56:56 packer-provisioner-file plugin: [INFO] 2602 bytes written for 'uploadData'
2025/08/16 16:56:56 [INFO] 2602 bytes written for 'uploadData'
2025/08/16 16:56:56 packer-plugin-proxmox_v1.2.2_x5.0_darwin_arm64 plugin: 2025/08/16 16:56:56 [DEBUG] Starting remote scp process:  scp -vt /tmp
2025/08/16 16:56:56 packer-plugin-proxmox_v1.2.2_x5.0_darwin_arm64 plugin: 2025/08/16 16:56:56 [DEBUG] Started SCP session, beginning transfers...
2025/08/16 16:56:56 packer-plugin-proxmox_v1.2.2_x5.0_darwin_arm64 plugin: 2025/08/16 16:56:56 [DEBUG] scp: Uploading install-kubeadm.sh: perms=C0644 size=2602
2025/08/16 16:56:56 packer-plugin-proxmox_v1.2.2_x5.0_darwin_arm64 plugin: 2025/08/16 16:56:56 [DEBUG] SCP session complete, closing stdin pipe.
2025/08/16 16:56:56 packer-plugin-proxmox_v1.2.2_x5.0_darwin_arm64 plugin: 2025/08/16 16:56:56 [DEBUG] Waiting for SSH session to complete.
2025/08/16 16:56:56 packer-plugin-proxmox_v1.2.2_x5.0_darwin_arm64 plugin: 2025/08/16 16:56:56 [DEBUG] scp stderr (length 75): Sink: C0644 2602 install-kubeadm.sh
2025/08/16 16:56:56 packer-plugin-proxmox_v1.2.2_x5.0_darwin_arm64 plugin: scp: debug1: fd 0 clearing O_NONBLOCK
2025/08/16 16:56:56 closing
2025/08/16 16:56:56 packer-provisioner-file plugin: closing
2025/08/16 16:56:56 packer-plugin-proxmox_v1.2.2_x5.0_darwin_arm64 plugin: 2025/08/16 16:56:56 closing
[0;32m    ubuntu-server-noble.proxmox-iso.ubuntu-server-noble: install-kubeadm.sh[0m 2.54 KiB / 2.54 KiB [=====================] 100.00% 0s
2025/08/16 16:56:56 [INFO] (telemetry) ending file
2025/08/16 16:56:56 [INFO] (telemetry) Starting provisioner shell
[1A[0;32m    ubuntu-server-noble.proxmox-iso.ubuntu-server-noble: install-kubeadm.sh[0m 2.54 KiB / 2.54 KiB [=====================] 100.00% 0s
2025/08/16 16:56:56 packer-provisioner-shell plugin: [DEBUG] - common: sending ConfigSpec as gob
2025/08/16 16:56:56 [DEBUG] - common: receiving ConfigSpec as gob
[1;32m==> ubuntu-server-noble.proxmox-iso.ubuntu-server-noble: Provisioning with shell script: /var/folders/p1/xy04ngt97pz31g8xlmc445_m0000gp/T/packer-shell1153406182[0m
2025/08/16 16:56:56 packer-provisioner-shell plugin: Opening /var/folders/p1/xy04ngt97pz31g8xlmc445_m0000gp/T/packer-shell1153406182 for reading
2025/08/16 16:56:56 packer-provisioner-shell plugin: [INFO] 70 bytes written for 'uploadData'
2025/08/16 16:56:56 [INFO] 70 bytes written for 'uploadData'
2025/08/16 16:56:56 packer-plugin-proxmox_v1.2.2_x5.0_darwin_arm64 plugin: 2025/08/16 16:56:56 [DEBUG] Opening new ssh session
2025/08/16 16:56:56 packer-plugin-proxmox_v1.2.2_x5.0_darwin_arm64 plugin: 2025/08/16 16:56:56 [DEBUG] Starting remote scp process:  scp -vt /tmp
2025/08/16 16:56:56 packer-plugin-proxmox_v1.2.2_x5.0_darwin_arm64 plugin: 2025/08/16 16:56:56 [DEBUG] Started SCP session, beginning transfers...
2025/08/16 16:56:56 packer-plugin-proxmox_v1.2.2_x5.0_darwin_arm64 plugin: 2025/08/16 16:56:56 [DEBUG] Copying input data into temporary file so we can read the length
2025/08/16 16:56:56 packer-plugin-proxmox_v1.2.2_x5.0_darwin_arm64 plugin: 2025/08/16 16:56:56 [DEBUG] scp: Uploading script_5368.sh: perms=C0644 size=70
2025/08/16 16:56:56 packer-plugin-proxmox_v1.2.2_x5.0_darwin_arm64 plugin: 2025/08/16 16:56:56 [DEBUG] SCP session complete, closing stdin pipe.
2025/08/16 16:56:56 packer-plugin-proxmox_v1.2.2_x5.0_darwin_arm64 plugin: 2025/08/16 16:56:56 [DEBUG] Waiting for SSH session to complete.
2025/08/16 16:56:56 packer-plugin-proxmox_v1.2.2_x5.0_darwin_arm64 plugin: 2025/08/16 16:56:56 [DEBUG] scp stderr (length 69): Sink: C0644 70 script_5368.sh
2025/08/16 16:56:56 packer-plugin-proxmox_v1.2.2_x5.0_darwin_arm64 plugin: scp: debug1: fd 0 clearing O_NONBLOCK
2025/08/16 16:56:56 packer-plugin-proxmox_v1.2.2_x5.0_darwin_arm64 plugin: 2025/08/16 16:56:56 [DEBUG] Opening new ssh session
2025/08/16 16:56:56 packer-plugin-proxmox_v1.2.2_x5.0_darwin_arm64 plugin: 2025/08/16 16:56:56 [DEBUG] starting remote command: chmod 0755 /tmp/script_5368.sh
2025/08/16 16:56:56 packer-plugin-proxmox_v1.2.2_x5.0_darwin_arm64 plugin: 2025/08/16 16:56:56 [INFO] RPC endpoint: Communicator ended with: 0
2025/08/16 16:56:56 [INFO] RPC client: Communicator ended with: 0
2025/08/16 16:56:56 [INFO] RPC endpoint: Communicator ended with: 0
2025/08/16 16:56:56 packer-provisioner-shell plugin: [INFO] RPC client: Communicator ended with: 0
2025/08/16 16:56:56 packer-plugin-proxmox_v1.2.2_x5.0_darwin_arm64 plugin: 2025/08/16 16:56:56 [DEBUG] Opening new ssh session
2025/08/16 16:56:56 packer-plugin-proxmox_v1.2.2_x5.0_darwin_arm64 plugin: 2025/08/16 16:56:56 [DEBUG] starting remote command: chmod +x /tmp/script_5368.sh; PACKER_BUILDER_TYPE='proxmox-iso' PACKER_BUILD_NAME='ubuntu-server-noble' PACKER_HTTP_ADDR='192.168.100.7:8727' PACKER_HTTP_IP='192.168.100.7' PACKER_HTTP_PORT='8727'  /tmp/script_5368.sh
[0;32m    ubuntu-server-noble.proxmox-iso.ubuntu-server-noble: [Step 1] Actualizando el sistema...[0m
[0;32m    ubuntu-server-noble.proxmox-iso.ubuntu-server-noble: Obj:1 http://security.ubuntu.com/ubuntu noble-security InRelease[0m
[0;32m    ubuntu-server-noble.proxmox-iso.ubuntu-server-noble: Obj:2 http://pe.archive.ubuntu.com/ubuntu noble InRelease[0m
[0;32m    ubuntu-server-noble.proxmox-iso.ubuntu-server-noble: Obj:3 http://pe.archive.ubuntu.com/ubuntu noble-updates InRelease[0m
[0;32m    ubuntu-server-noble.proxmox-iso.ubuntu-server-noble: Obj:4 http://pe.archive.ubuntu.com/ubuntu noble-backports InRelease[0m
[0;32m    ubuntu-server-noble.proxmox-iso.ubuntu-server-noble: Des:5 http://pe.archive.ubuntu.com/ubuntu noble/main Translation-es [325 kB][0m
[0;32m    ubuntu-server-noble.proxmox-iso.ubuntu-server-noble: Des:6 http://pe.archive.ubuntu.com/ubuntu noble/restricted Translation-es [816 B][0m
[0;32m    ubuntu-server-noble.proxmox-iso.ubuntu-server-noble: Des:7 http://pe.archive.ubuntu.com/ubuntu noble/universe Translation-es [1 371 kB][0m
[0;32m    ubuntu-server-noble.proxmox-iso.ubuntu-server-noble: Des:8 http://pe.archive.ubuntu.com/ubuntu noble/multiverse Translation-es [63.1 kB][0m
[0;32m    ubuntu-server-noble.proxmox-iso.ubuntu-server-noble: Descargados 1 759 kB en 2s (752 kB/s)[0m
[0;32m    ubuntu-server-noble.proxmox-iso.ubuntu-server-noble: Leyendo lista de paquetes... Hecho[0m
[0;32m    ubuntu-server-noble.proxmox-iso.ubuntu-server-noble: Leyendo lista de paquetes... Hecho[0m
[0;32m    ubuntu-server-noble.proxmox-iso.ubuntu-server-noble: Creando árbol de dependencias... Hecho[0m
[0;32m    ubuntu-server-noble.proxmox-iso.ubuntu-server-noble: Leyendo la información de estado... Hecho[0m
[0;32m    ubuntu-server-noble.proxmox-iso.ubuntu-server-noble: Calculando la actualización... Hecho[0m
[0;32m    ubuntu-server-noble.proxmox-iso.ubuntu-server-noble: Se actualizarán los siguientes paquetes:[0m
[0;32m    ubuntu-server-noble.proxmox-iso.ubuntu-server-noble:   powermgmt-base python3-software-properties software-properties-common[0m
[0;32m    ubuntu-server-noble.proxmox-iso.ubuntu-server-noble: 3 actualizados, 0 nuevos se instalarán, 0 para eliminar y 0 no actualizados.[0m
[0;32m    ubuntu-server-noble.proxmox-iso.ubuntu-server-noble: Se necesita descargar 52.0 kB de archivos.[0m
[0;32m    ubuntu-server-noble.proxmox-iso.ubuntu-server-noble: Se liberarán 3 072 B después de esta operación.[0m
[0;32m    ubuntu-server-noble.proxmox-iso.ubuntu-server-noble: Des:1 http://pe.archive.ubuntu.com/ubuntu noble-updates/main amd64 powermgmt-base all 1.37ubuntu0.1 [7 650 B][0m
[0;32m    ubuntu-server-noble.proxmox-iso.ubuntu-server-noble: Des:2 http://pe.archive.ubuntu.com/ubuntu noble-updates/main amd64 software-properties-common all 0.99.49.3 [14.4 kB][0m
[0;32m    ubuntu-server-noble.proxmox-iso.ubuntu-server-noble: Des:3 http://pe.archive.ubuntu.com/ubuntu noble-updates/main amd64 python3-software-properties all 0.99.49.3 [29.9 kB][0m
[0;32m    ubuntu-server-noble.proxmox-iso.ubuntu-server-noble: Descargados 52.0 kB en 1s (68.7 kB/s)[0m
[0;32m    ubuntu-server-noble.proxmox-iso.ubuntu-server-noble: (Leyendo la base de datos ... 87055 ficheros o directorios instalados actualmente.)[0m
[0;32m    ubuntu-server-noble.proxmox-iso.ubuntu-server-noble: Preparando para desempaquetar .../powermgmt-base_1.37ubuntu0.1_all.deb ...[0m
[0;32m    ubuntu-server-noble.proxmox-iso.ubuntu-server-noble: Desempaquetando powermgmt-base (1.37ubuntu0.1) sobre (1.37) ...[0m
[0;32m    ubuntu-server-noble.proxmox-iso.ubuntu-server-noble: Preparando para desempaquetar .../software-properties-common_0.99.49.3_all.deb ...[0m
[0;32m    ubuntu-server-noble.proxmox-iso.ubuntu-server-noble: Desempaquetando software-properties-common (0.99.49.3) sobre (0.99.49.2) ...[0m
[0;32m    ubuntu-server-noble.proxmox-iso.ubuntu-server-noble: Preparando para desempaquetar .../python3-software-properties_0.99.49.3_all.deb ...[0m
[0;32m    ubuntu-server-noble.proxmox-iso.ubuntu-server-noble: Desempaquetando python3-software-properties (0.99.49.3) sobre (0.99.49.2) ...[0m
[0;32m    ubuntu-server-noble.proxmox-iso.ubuntu-server-noble: Configurando powermgmt-base (1.37ubuntu0.1) ...[0m
[0;32m    ubuntu-server-noble.proxmox-iso.ubuntu-server-noble: Configurando python3-software-properties (0.99.49.3) ...[0m
[0;32m    ubuntu-server-noble.proxmox-iso.ubuntu-server-noble: Configurando software-properties-common (0.99.49.3) ...[0m
[0;32m    ubuntu-server-noble.proxmox-iso.ubuntu-server-noble: Procesando disparadores para man-db (2.12.0-4build2) ...[0m
[0;32m    ubuntu-server-noble.proxmox-iso.ubuntu-server-noble: Procesando disparadores para dbus (1.14.10-4ubuntu4.1) ...[0m
[0;32m    ubuntu-server-noble.proxmox-iso.ubuntu-server-noble: Scanning processes...[0m
[0;32m    ubuntu-server-noble.proxmox-iso.ubuntu-server-noble: Scanning linux images...[0m
[0;32m    ubuntu-server-noble.proxmox-iso.ubuntu-server-noble:[0m
[0;32m    ubuntu-server-noble.proxmox-iso.ubuntu-server-noble: Running kernel seems to be up-to-date.[0m
[0;32m    ubuntu-server-noble.proxmox-iso.ubuntu-server-noble:[0m
[0;32m    ubuntu-server-noble.proxmox-iso.ubuntu-server-noble: No services need to be restarted.[0m
[0;32m    ubuntu-server-noble.proxmox-iso.ubuntu-server-noble:[0m
[0;32m    ubuntu-server-noble.proxmox-iso.ubuntu-server-noble: No containers need to be restarted.[0m
[0;32m    ubuntu-server-noble.proxmox-iso.ubuntu-server-noble:[0m
[0;32m    ubuntu-server-noble.proxmox-iso.ubuntu-server-noble: No user sessions are running outdated binaries.[0m
[0;32m    ubuntu-server-noble.proxmox-iso.ubuntu-server-noble:[0m
[0;32m    ubuntu-server-noble.proxmox-iso.ubuntu-server-noble: No VM guests are running outdated hypervisor (qemu) binaries on this host.[0m
[0;32m    ubuntu-server-noble.proxmox-iso.ubuntu-server-noble: [Step 2] Cargando módulos del kernel...[0m
[0;32m    ubuntu-server-noble.proxmox-iso.ubuntu-server-noble: overlay[0m
[0;32m    ubuntu-server-noble.proxmox-iso.ubuntu-server-noble: br_netfilter[0m
[0;32m    ubuntu-server-noble.proxmox-iso.ubuntu-server-noble: net.bridge.bridge-nf-call-iptables  = 1[0m
[0;32m    ubuntu-server-noble.proxmox-iso.ubuntu-server-noble: net.bridge.bridge-nf-call-ip6tables = 1[0m
[0;32m    ubuntu-server-noble.proxmox-iso.ubuntu-server-noble: net.ipv4.ip_forward                 = 1[0m
[0;32m    ubuntu-server-noble.proxmox-iso.ubuntu-server-noble: * Applying /usr/lib/sysctl.d/10-apparmor.conf ...[0m
[0;32m    ubuntu-server-noble.proxmox-iso.ubuntu-server-noble: * Applying /etc/sysctl.d/10-bufferbloat.conf ...[0m
[0;32m    ubuntu-server-noble.proxmox-iso.ubuntu-server-noble: * Applying /etc/sysctl.d/10-console-messages.conf ...[0m
[0;32m    ubuntu-server-noble.proxmox-iso.ubuntu-server-noble: * Applying /etc/sysctl.d/10-ipv6-privacy.conf ...[0m
[0;32m    ubuntu-server-noble.proxmox-iso.ubuntu-server-noble: * Applying /etc/sysctl.d/10-kernel-hardening.conf ...[0m
[0;32m    ubuntu-server-noble.proxmox-iso.ubuntu-server-noble: * Applying /etc/sysctl.d/10-magic-sysrq.conf ...[0m
[0;32m    ubuntu-server-noble.proxmox-iso.ubuntu-server-noble: * Applying /etc/sysctl.d/10-map-count.conf ...[0m
[0;32m    ubuntu-server-noble.proxmox-iso.ubuntu-server-noble: * Applying /etc/sysctl.d/10-network-security.conf ...[0m
[0;32m    ubuntu-server-noble.proxmox-iso.ubuntu-server-noble: * Applying /etc/sysctl.d/10-ptrace.conf ...[0m
[0;32m    ubuntu-server-noble.proxmox-iso.ubuntu-server-noble: * Applying /etc/sysctl.d/10-zeropage.conf ...[0m
[0;32m    ubuntu-server-noble.proxmox-iso.ubuntu-server-noble: * Applying /usr/lib/sysctl.d/50-pid-max.conf ...[0m
[0;32m    ubuntu-server-noble.proxmox-iso.ubuntu-server-noble: * Applying /usr/lib/sysctl.d/99-protect-links.conf ...[0m
[0;32m    ubuntu-server-noble.proxmox-iso.ubuntu-server-noble: * Applying /etc/sysctl.d/99-sysctl.conf ...[0m
[0;32m    ubuntu-server-noble.proxmox-iso.ubuntu-server-noble: * Applying /etc/sysctl.d/k8s.conf ...[0m
[0;32m    ubuntu-server-noble.proxmox-iso.ubuntu-server-noble: * Applying /etc/sysctl.conf ...[0m
[0;32m    ubuntu-server-noble.proxmox-iso.ubuntu-server-noble: kernel.apparmor_restrict_unprivileged_userns = 1[0m
[0;32m    ubuntu-server-noble.proxmox-iso.ubuntu-server-noble: net.core.default_qdisc = fq_codel[0m
[0;32m    ubuntu-server-noble.proxmox-iso.ubuntu-server-noble: kernel.printk = 4 4 1 7[0m
[0;32m    ubuntu-server-noble.proxmox-iso.ubuntu-server-noble: net.ipv6.conf.all.use_tempaddr = 2[0m
[0;32m    ubuntu-server-noble.proxmox-iso.ubuntu-server-noble: net.ipv6.conf.default.use_tempaddr = 2[0m
[0;32m    ubuntu-server-noble.proxmox-iso.ubuntu-server-noble: kernel.kptr_restrict = 1[0m
[0;32m    ubuntu-server-noble.proxmox-iso.ubuntu-server-noble: kernel.sysrq = 176[0m
[0;32m    ubuntu-server-noble.proxmox-iso.ubuntu-server-noble: vm.max_map_count = 1048576[0m
[0;32m    ubuntu-server-noble.proxmox-iso.ubuntu-server-noble: net.ipv4.conf.default.rp_filter = 2[0m
[0;32m    ubuntu-server-noble.proxmox-iso.ubuntu-server-noble: net.ipv4.conf.all.rp_filter = 2[0m
[0;32m    ubuntu-server-noble.proxmox-iso.ubuntu-server-noble: kernel.yama.ptrace_scope = 1[0m
[0;32m    ubuntu-server-noble.proxmox-iso.ubuntu-server-noble: vm.mmap_min_addr = 65536[0m
[0;32m    ubuntu-server-noble.proxmox-iso.ubuntu-server-noble: kernel.pid_max = 4194304[0m
[0;32m    ubuntu-server-noble.proxmox-iso.ubuntu-server-noble: fs.protected_fifos = 1[0m
[0;32m    ubuntu-server-noble.proxmox-iso.ubuntu-server-noble: fs.protected_hardlinks = 1[0m
[0;32m    ubuntu-server-noble.proxmox-iso.ubuntu-server-noble: fs.protected_regular = 2[0m
[0;32m    ubuntu-server-noble.proxmox-iso.ubuntu-server-noble: fs.protected_symlinks = 1[0m
[0;32m    ubuntu-server-noble.proxmox-iso.ubuntu-server-noble: net.bridge.bridge-nf-call-iptables = 1[0m
[0;32m    ubuntu-server-noble.proxmox-iso.ubuntu-server-noble: net.bridge.bridge-nf-call-ip6tables = 1[0m
[0;32m    ubuntu-server-noble.proxmox-iso.ubuntu-server-noble: net.ipv4.ip_forward = 1[0m
[0;32m    ubuntu-server-noble.proxmox-iso.ubuntu-server-noble: [Step 3] Desactivando swap...[0m
[0;32m    ubuntu-server-noble.proxmox-iso.ubuntu-server-noble: [Step 4] Instalando containerd...[0m
[0;32m    ubuntu-server-noble.proxmox-iso.ubuntu-server-noble: Leyendo lista de paquetes... Hecho[0m
[0;32m    ubuntu-server-noble.proxmox-iso.ubuntu-server-noble: Creando árbol de dependencias... Hecho[0m
[0;32m    ubuntu-server-noble.proxmox-iso.ubuntu-server-noble: Leyendo la información de estado... Hecho[0m
[0;32m    ubuntu-server-noble.proxmox-iso.ubuntu-server-noble: ca-certificates ya está en su versión más reciente (20240203).[0m
[0;32m    ubuntu-server-noble.proxmox-iso.ubuntu-server-noble: fijado ca-certificates como instalado manualmente.[0m
[0;32m    ubuntu-server-noble.proxmox-iso.ubuntu-server-noble: curl ya está en su versión más reciente (8.5.0-2ubuntu10.6).[0m
[0;32m    ubuntu-server-noble.proxmox-iso.ubuntu-server-noble: software-properties-common ya está en su versión más reciente (0.99.49.3).[0m
[0;32m    ubuntu-server-noble.proxmox-iso.ubuntu-server-noble: fijado software-properties-common como instalado manualmente.[0m
[0;32m    ubuntu-server-noble.proxmox-iso.ubuntu-server-noble: gnupg ya está en su versión más reciente (2.4.4-2ubuntu17.3).[0m
[0;32m    ubuntu-server-noble.proxmox-iso.ubuntu-server-noble: fijado gnupg como instalado manualmente.[0m
[0;32m    ubuntu-server-noble.proxmox-iso.ubuntu-server-noble: lsb-release ya está en su versión más reciente (12.0-2).[0m
[0;32m    ubuntu-server-noble.proxmox-iso.ubuntu-server-noble: fijado lsb-release como instalado manualmente.[0m
[0;32m    ubuntu-server-noble.proxmox-iso.ubuntu-server-noble: Se instalarán los siguientes paquetes NUEVOS:[0m
[0;32m    ubuntu-server-noble.proxmox-iso.ubuntu-server-noble:   apt-transport-https[0m
[0;32m    ubuntu-server-noble.proxmox-iso.ubuntu-server-noble: 0 actualizados, 1 nuevos se instalarán, 0 para eliminar y 0 no actualizados.[0m
[0;32m    ubuntu-server-noble.proxmox-iso.ubuntu-server-noble: Se necesita descargar 3 970 B de archivos.[0m
[0;32m    ubuntu-server-noble.proxmox-iso.ubuntu-server-noble: Se utilizarán 36.9 kB de espacio de disco adicional después de esta operación.[0m
[0;32m    ubuntu-server-noble.proxmox-iso.ubuntu-server-noble: Des:1 http://pe.archive.ubuntu.com/ubuntu noble-updates/universe amd64 apt-transport-https all 2.8.3 [3 970 B][0m
[0;32m    ubuntu-server-noble.proxmox-iso.ubuntu-server-noble: Descargados 3 970 B en 0s (9 845 B/s)[0m
[0;32m    ubuntu-server-noble.proxmox-iso.ubuntu-server-noble: Seleccionando el paquete apt-transport-https previamente no seleccionado.[0m
[0;32m    ubuntu-server-noble.proxmox-iso.ubuntu-server-noble: (Leyendo la base de datos ... 87055 ficheros o directorios instalados actualmente.)[0m
[0;32m    ubuntu-server-noble.proxmox-iso.ubuntu-server-noble: Preparando para desempaquetar .../apt-transport-https_2.8.3_all.deb ...[0m
[0;32m    ubuntu-server-noble.proxmox-iso.ubuntu-server-noble: Desempaquetando apt-transport-https (2.8.3) ...[0m
[0;32m    ubuntu-server-noble.proxmox-iso.ubuntu-server-noble: Configurando apt-transport-https (2.8.3) ...[0m
[0;32m    ubuntu-server-noble.proxmox-iso.ubuntu-server-noble: Scanning processes...[0m
[0;32m    ubuntu-server-noble.proxmox-iso.ubuntu-server-noble: Scanning linux images...[0m
[0;32m    ubuntu-server-noble.proxmox-iso.ubuntu-server-noble:[0m
[0;32m    ubuntu-server-noble.proxmox-iso.ubuntu-server-noble: Running kernel seems to be up-to-date.[0m
[0;32m    ubuntu-server-noble.proxmox-iso.ubuntu-server-noble:[0m
[0;32m    ubuntu-server-noble.proxmox-iso.ubuntu-server-noble: No services need to be restarted.[0m
[0;32m    ubuntu-server-noble.proxmox-iso.ubuntu-server-noble:[0m
[0;32m    ubuntu-server-noble.proxmox-iso.ubuntu-server-noble: No containers need to be restarted.[0m
[0;32m    ubuntu-server-noble.proxmox-iso.ubuntu-server-noble:[0m
[0;32m    ubuntu-server-noble.proxmox-iso.ubuntu-server-noble: No user sessions are running outdated binaries.[0m
[0;32m    ubuntu-server-noble.proxmox-iso.ubuntu-server-noble:[0m
[0;32m    ubuntu-server-noble.proxmox-iso.ubuntu-server-noble: No VM guests are running outdated hypervisor (qemu) binaries on this host.[0m
[0;32m    ubuntu-server-noble.proxmox-iso.ubuntu-server-noble: Warning: apt-key is deprecated. Manage keyring files in trusted.gpg.d instead (see apt-key(8)).[0m
[0;32m    ubuntu-server-noble.proxmox-iso.ubuntu-server-noble: OK[0m
[0;32m    ubuntu-server-noble.proxmox-iso.ubuntu-server-noble: Repository: 'deb [arch=amd64] https://download.docker.com/linux/ubuntu noble stable'[0m
[0;32m    ubuntu-server-noble.proxmox-iso.ubuntu-server-noble: Description:[0m
[0;32m    ubuntu-server-noble.proxmox-iso.ubuntu-server-noble: Archive for codename: noble components: stable[0m
[0;32m    ubuntu-server-noble.proxmox-iso.ubuntu-server-noble: More info: https://download.docker.com/linux/ubuntu[0m
[0;32m    ubuntu-server-noble.proxmox-iso.ubuntu-server-noble: Adding repository.[0m
