2025/08/16 16:45:36 [INFO] Packer version: 1.12.0 [go1.22.9 darwin arm64]
2025/08/16 16:45:36 [INFO] PACKER_CONFIG env var not set; checking the default config file path
2025/08/16 16:45:36 [INFO] PACKER_CONFIG env var set; attempting to open config file: /Users/rtaparay/.packerconfig
2025/08/16 16:45:36 [WARN] Config file doesn't exist: /Users/rtaparay/.packerconfig
2025/08/16 16:45:36 [INFO] Setting cache directory: /Users/rtaparay/.cache/packer
2025/08/16 16:45:36 [TRACE] listing potential installations for <nil> that match "". plugingetter.ListInstallationsOptions{PluginDirectory:"/Users/rtaparay/.config/packer/plugins", BinaryInstallationOptions:plugingetter.BinaryInstallationOptions{APIVersionMajor:"5", APIVersionMinor:"0", OS:"darwin", ARCH:"arm64", Ext:"", Checksummers:[]plugingetter.Checksummer{plugingetter.Checksummer{Type:"sha256", Hash:(*sha256.digest)(0x140005f6100)}}, ReleasesOnly:false}}
2025/08/16 16:45:36 [INFO] found external [-packer-default-plugin-name- clone iso] builders from proxmox plugin
2025/08/16 16:45:36 plugin "/Users/rtaparay/.config/packer/plugins/github.com/hashicorp/proxmox/packer-plugin-proxmox_v1.2.2_x5.0_darwin_arm64" does not support Protobuf, forcing use of Gob
2025/08/16 16:45:36 [TRACE] validateValue: not active for proxmox_api_token_id, so skipping
2025/08/16 16:45:36 [TRACE] validateValue: not active for proxmox_api_token_secret, so skipping
2025/08/16 16:45:36 [TRACE] validateValue: not active for vm_id, so skipping
2025/08/16 16:45:36 [TRACE] validateValue: not active for iso_storage_pool, so skipping
2025/08/16 16:45:36 [TRACE] validateValue: not active for proxmox_node, so skipping
2025/08/16 16:45:36 [TRACE] validateValue: not active for iso_file, so skipping
2025/08/16 16:45:36 [TRACE] validateValue: not active for network_bridge, so skipping
2025/08/16 16:45:36 [TRACE] validateValue: not active for vm_name, so skipping
2025/08/16 16:45:36 [TRACE] validateValue: not active for template_description, so skipping
2025/08/16 16:45:36 [TRACE] validateValue: not active for disk_size, so skipping
2025/08/16 16:45:36 [TRACE] validateValue: not active for cores, so skipping
2025/08/16 16:45:36 [TRACE] validateValue: not active for memory, so skipping
2025/08/16 16:45:36 [TRACE] validateValue: not active for ssh_private_key_file, so skipping
2025/08/16 16:45:36 [TRACE] validateValue: not active for ssh_password, so skipping
2025/08/16 16:45:36 [TRACE] validateValue: not active for proxmox_api_url, so skipping
2025/08/16 16:45:36 [TRACE] validateValue: not active for storage_pool, so skipping
2025/08/16 16:45:36 [TRACE] validateValue: not active for ssh_username, so skipping
2025/08/16 16:45:36 [INFO] Starting external plugin /Users/rtaparay/.config/packer/plugins/github.com/hashicorp/proxmox/packer-plugin-proxmox_v1.2.2_x5.0_darwin_arm64 start builder iso
2025/08/16 16:45:36 Starting plugin: /Users/rtaparay/.config/packer/plugins/github.com/hashicorp/proxmox/packer-plugin-proxmox_v1.2.2_x5.0_darwin_arm64 []string{"/Users/rtaparay/.config/packer/plugins/github.com/hashicorp/proxmox/packer-plugin-proxmox_v1.2.2_x5.0_darwin_arm64", "start", "builder", "iso"}
2025/08/16 16:45:36 Waiting for RPC address for: /Users/rtaparay/.config/packer/plugins/github.com/hashicorp/proxmox/packer-plugin-proxmox_v1.2.2_x5.0_darwin_arm64
2025/08/16 16:45:36 packer-plugin-proxmox_v1.2.2_x5.0_darwin_arm64 plugin: 2025/08/16 16:45:36 Plugin address: unix /var/folders/p1/xy04ngt97pz31g8xlmc445_m0000gp/T/packer-plugin1251411849
2025/08/16 16:45:36 packer-plugin-proxmox_v1.2.2_x5.0_darwin_arm64 plugin: 2025/08/16 16:45:36 Waiting for connection...
2025/08/16 16:45:36 Received unix RPC address for /Users/rtaparay/.config/packer/plugins/github.com/hashicorp/proxmox/packer-plugin-proxmox_v1.2.2_x5.0_darwin_arm64: addr is /var/folders/p1/xy04ngt97pz31g8xlmc445_m0000gp/T/packer-plugin1251411849
2025/08/16 16:45:36 packer-plugin-proxmox_v1.2.2_x5.0_darwin_arm64 plugin: 2025/08/16 16:45:36 Serving a plugin connection...
2025/08/16 16:45:36 packer-plugin-proxmox_v1.2.2_x5.0_darwin_arm64 plugin: 2025/08/16 16:45:36 [TRACE] starting builder iso
2025/08/16 16:45:36 [DEBUG] - common: receiving ConfigSpec as gob
2025/08/16 16:45:36 packer-plugin-proxmox_v1.2.2_x5.0_darwin_arm64 plugin: 2025/08/16 16:45:36 Number of sockets 0 is too small, using default: 1
2025/08/16 16:45:36 packer-plugin-proxmox_v1.2.2_x5.0_darwin_arm64 plugin: 2025/08/16 16:45:36 CPU type not set, using default 'kvm64'
2025/08/16 16:45:36 packer-plugin-proxmox_v1.2.2_x5.0_darwin_arm64 plugin: 2025/08/16 16:45:36 OS not set, using default 'other'
2025/08/16 16:45:36 packer-plugin-proxmox_v1.2.2_x5.0_darwin_arm64 plugin: 2025/08/16 16:45:36 Disk 0 cache mode not set, using default 'none'
2025/08/16 16:45:36 packer-plugin-proxmox_v1.2.2_x5.0_darwin_arm64 plugin: 2025/08/16 16:45:36 Cloud-Init disk type not set, using default 'ide'
2025/08/16 16:45:36 packer-plugin-proxmox_v1.2.2_x5.0_darwin_arm64 plugin: 2025/08/16 16:45:36 boot_iso device type not set, using default type 'ide' and index '2'
2025/08/16 16:45:36 [DEBUG] - common: receiving ConfigSpec as gob
2025/08/16 16:45:36 [INFO] Starting external plugin /opt/homebrew/bin/packer execute packer-provisioner-shell
2025/08/16 16:45:36 Starting plugin: /opt/homebrew/bin/packer []string{"/opt/homebrew/bin/packer", "execute", "packer-provisioner-shell"}
2025/08/16 16:45:36 Waiting for RPC address for: /opt/homebrew/bin/packer
2025/08/16 16:45:36 packer-provisioner-shell plugin: [INFO] Packer version: 1.12.0 [go1.22.9 darwin arm64]
2025/08/16 16:45:36 packer-provisioner-shell plugin: [INFO] PACKER_CONFIG env var not set; checking the default config file path
2025/08/16 16:45:36 packer-provisioner-shell plugin: [INFO] PACKER_CONFIG env var set; attempting to open config file: /Users/rtaparay/.packerconfig
2025/08/16 16:45:36 packer-provisioner-shell plugin: [WARN] Config file doesn't exist: /Users/rtaparay/.packerconfig
2025/08/16 16:45:36 packer-provisioner-shell plugin: [INFO] Setting cache directory: /Users/rtaparay/.cache/packer
2025/08/16 16:45:36 packer-provisioner-shell plugin: Plugin address: unix /var/folders/p1/xy04ngt97pz31g8xlmc445_m0000gp/T/packer-plugin993493823
2025/08/16 16:45:36 packer-provisioner-shell plugin: Waiting for connection...
2025/08/16 16:45:36 Received unix RPC address for /opt/homebrew/bin/packer: addr is /var/folders/p1/xy04ngt97pz31g8xlmc445_m0000gp/T/packer-plugin993493823
2025/08/16 16:45:36 packer-provisioner-shell plugin: Serving a plugin connection...
2025/08/16 16:45:36 packer-provisioner-shell plugin: [DEBUG] - common: sending ConfigSpec as gob
2025/08/16 16:45:36 [DEBUG] - common: receiving ConfigSpec as gob
2025/08/16 16:45:36 packer-provisioner-shell plugin: [DEBUG] - common: sending ConfigSpec as gob
2025/08/16 16:45:36 [DEBUG] - common: receiving ConfigSpec as gob
2025/08/16 16:45:36 [INFO] Starting external plugin /opt/homebrew/bin/packer execute packer-provisioner-file
2025/08/16 16:45:36 Starting plugin: /opt/homebrew/bin/packer []string{"/opt/homebrew/bin/packer", "execute", "packer-provisioner-file"}
2025/08/16 16:45:36 Waiting for RPC address for: /opt/homebrew/bin/packer
2025/08/16 16:45:36 packer-provisioner-file plugin: [INFO] Packer version: 1.12.0 [go1.22.9 darwin arm64]
2025/08/16 16:45:36 packer-provisioner-file plugin: [INFO] PACKER_CONFIG env var not set; checking the default config file path
2025/08/16 16:45:36 packer-provisioner-file plugin: [INFO] PACKER_CONFIG env var set; attempting to open config file: /Users/rtaparay/.packerconfig
2025/08/16 16:45:36 packer-provisioner-file plugin: [WARN] Config file doesn't exist: /Users/rtaparay/.packerconfig
2025/08/16 16:45:36 packer-provisioner-file plugin: [INFO] Setting cache directory: /Users/rtaparay/.cache/packer
2025/08/16 16:45:36 packer-provisioner-file plugin: Plugin address: unix /var/folders/p1/xy04ngt97pz31g8xlmc445_m0000gp/T/packer-plugin3743752121
2025/08/16 16:45:36 Received unix RPC address for /opt/homebrew/bin/packer: addr is /var/folders/p1/xy04ngt97pz31g8xlmc445_m0000gp/T/packer-plugin3743752121
2025/08/16 16:45:36 packer-provisioner-file plugin: Waiting for connection...
2025/08/16 16:45:36 packer-provisioner-file plugin: Serving a plugin connection...
2025/08/16 16:45:36 packer-provisioner-file plugin: [DEBUG] - common: sending ConfigSpec as gob
2025/08/16 16:45:36 [DEBUG] - common: receiving ConfigSpec as gob
2025/08/16 16:45:36 packer-provisioner-file plugin: [DEBUG] - common: sending ConfigSpec as gob
2025/08/16 16:45:36 [DEBUG] - common: receiving ConfigSpec as gob
2025/08/16 16:45:36 [INFO] Starting external plugin /opt/homebrew/bin/packer execute packer-provisioner-shell
2025/08/16 16:45:36 Starting plugin: /opt/homebrew/bin/packer []string{"/opt/homebrew/bin/packer", "execute", "packer-provisioner-shell"}
2025/08/16 16:45:36 Waiting for RPC address for: /opt/homebrew/bin/packer
2025/08/16 16:45:36 packer-provisioner-shell plugin: [INFO] Packer version: 1.12.0 [go1.22.9 darwin arm64]
2025/08/16 16:45:36 packer-provisioner-shell plugin: [INFO] PACKER_CONFIG env var not set; checking the default config file path
2025/08/16 16:45:36 packer-provisioner-shell plugin: [INFO] PACKER_CONFIG env var set; attempting to open config file: /Users/rtaparay/.packerconfig
2025/08/16 16:45:36 packer-provisioner-shell plugin: [WARN] Config file doesn't exist: /Users/rtaparay/.packerconfig
2025/08/16 16:45:36 packer-provisioner-shell plugin: [INFO] Setting cache directory: /Users/rtaparay/.cache/packer
2025/08/16 16:45:36 Received unix RPC address for /opt/homebrew/bin/packer: addr is /var/folders/p1/xy04ngt97pz31g8xlmc445_m0000gp/T/packer-plugin2556306825
2025/08/16 16:45:36 packer-provisioner-shell plugin: Plugin address: unix /var/folders/p1/xy04ngt97pz31g8xlmc445_m0000gp/T/packer-plugin2556306825
2025/08/16 16:45:36 packer-provisioner-shell plugin: Waiting for connection...
2025/08/16 16:45:36 packer-provisioner-shell plugin: Serving a plugin connection...
2025/08/16 16:45:36 packer-provisioner-shell plugin: [DEBUG] - common: sending ConfigSpec as gob
2025/08/16 16:45:36 [DEBUG] - common: receiving ConfigSpec as gob
2025/08/16 16:45:36 packer-provisioner-shell plugin: [DEBUG] - common: sending ConfigSpec as gob
2025/08/16 16:45:36 [DEBUG] - common: receiving ConfigSpec as gob
2025/08/16 16:45:36 [INFO] Starting external plugin /opt/homebrew/bin/packer execute packer-provisioner-file
2025/08/16 16:45:36 Starting plugin: /opt/homebrew/bin/packer []string{"/opt/homebrew/bin/packer", "execute", "packer-provisioner-file"}
2025/08/16 16:45:36 Waiting for RPC address for: /opt/homebrew/bin/packer
2025/08/16 16:45:36 packer-provisioner-file plugin: [INFO] Packer version: 1.12.0 [go1.22.9 darwin arm64]
2025/08/16 16:45:36 packer-provisioner-file plugin: [INFO] PACKER_CONFIG env var not set; checking the default config file path
2025/08/16 16:45:36 packer-provisioner-file plugin: [INFO] PACKER_CONFIG env var set; attempting to open config file: /Users/rtaparay/.packerconfig
2025/08/16 16:45:36 packer-provisioner-file plugin: [WARN] Config file doesn't exist: /Users/rtaparay/.packerconfig
2025/08/16 16:45:36 packer-provisioner-file plugin: [INFO] Setting cache directory: /Users/rtaparay/.cache/packer
2025/08/16 16:45:36 Received unix RPC address for /opt/homebrew/bin/packer: addr is /var/folders/p1/xy04ngt97pz31g8xlmc445_m0000gp/T/packer-plugin1328409800
2025/08/16 16:45:36 packer-provisioner-file plugin: Plugin address: unix /var/folders/p1/xy04ngt97pz31g8xlmc445_m0000gp/T/packer-plugin1328409800
2025/08/16 16:45:36 packer-provisioner-file plugin: Waiting for connection...
2025/08/16 16:45:36 packer-provisioner-file plugin: Serving a plugin connection...
2025/08/16 16:45:36 packer-provisioner-file plugin: [DEBUG] - common: sending ConfigSpec as gob
2025/08/16 16:45:36 [DEBUG] - common: receiving ConfigSpec as gob
2025/08/16 16:45:36 packer-provisioner-file plugin: [DEBUG] - common: sending ConfigSpec as gob
2025/08/16 16:45:36 [DEBUG] - common: receiving ConfigSpec as gob
2025/08/16 16:45:36 [INFO] Starting external plugin /opt/homebrew/bin/packer execute packer-provisioner-shell
2025/08/16 16:45:36 Starting plugin: /opt/homebrew/bin/packer []string{"/opt/homebrew/bin/packer", "execute", "packer-provisioner-shell"}
2025/08/16 16:45:36 Waiting for RPC address for: /opt/homebrew/bin/packer
2025/08/16 16:45:36 packer-provisioner-shell plugin: [INFO] Packer version: 1.12.0 [go1.22.9 darwin arm64]
2025/08/16 16:45:36 packer-provisioner-shell plugin: [INFO] PACKER_CONFIG env var not set; checking the default config file path
2025/08/16 16:45:36 packer-provisioner-shell plugin: [INFO] PACKER_CONFIG env var set; attempting to open config file: /Users/rtaparay/.packerconfig
2025/08/16 16:45:36 packer-provisioner-shell plugin: [WARN] Config file doesn't exist: /Users/rtaparay/.packerconfig
2025/08/16 16:45:36 packer-provisioner-shell plugin: [INFO] Setting cache directory: /Users/rtaparay/.cache/packer
2025/08/16 16:45:36 packer-provisioner-shell plugin: Plugin address: unix /var/folders/p1/xy04ngt97pz31g8xlmc445_m0000gp/T/packer-plugin3871147984
2025/08/16 16:45:36 packer-provisioner-shell plugin: Waiting for connection...
2025/08/16 16:45:36 Received unix RPC address for /opt/homebrew/bin/packer: addr is /var/folders/p1/xy04ngt97pz31g8xlmc445_m0000gp/T/packer-plugin3871147984
2025/08/16 16:45:36 packer-provisioner-shell plugin: Serving a plugin connection...
2025/08/16 16:45:36 packer-provisioner-shell plugin: [DEBUG] - common: sending ConfigSpec as gob
2025/08/16 16:45:36 [DEBUG] - common: receiving ConfigSpec as gob
2025/08/16 16:45:36 packer-provisioner-shell plugin: [DEBUG] - common: sending ConfigSpec as gob
2025/08/16 16:45:36 [DEBUG] - common: receiving ConfigSpec as gob

  on ubuntu-server-noble.pkr.hcl line 4:
  (source code not available)

Warning: 'iso_file' is deprecated and will be removed in a future release, define the boot iso options in a 'boot_iso' block

  on ubuntu-server-noble.pkr.hcl line 4:
  (source code not available)

Warning: 'iso_storage_pool' is deprecated and will be removed in a future release, define the boot iso options in a 'boot_iso' block

  on ubuntu-server-noble.pkr.hcl line 4:
  (source code not available)

Warning: 'unmount_iso' is deprecated and will be removed in a future release, define the boot iso options in a 'boot_iso' block

  on ubuntu-server-noble.pkr.hcl line 4:
  (source code not available)

2025/08/16 16:45:36 Build debug mode: false
2025/08/16 16:45:36 Force build: false
2025/08/16 16:45:36 On error: ask
2025/08/16 16:45:36 Waiting on builds to complete...
2025/08/16 16:45:36 Starting build run: ubuntu-server-noble.proxmox-iso.ubuntu-server-noble
2025/08/16 16:45:36 Running builder: proxmox-iso
2025/08/16 16:45:36 [INFO] (telemetry) Starting builder proxmox-iso.ubuntu-server-noble
Warning: storage_pool_type is deprecated and should be omitted, it will be removed in a later version of the proxmox plugin

  on ubuntu-server-noble.pkr.hcl line 4:
  (source code not available)

Warning: 'iso_file' is deprecated and will be removed in a future release, define the boot iso options in a 'boot_iso' block

  on ubuntu-server-noble.pkr.hcl line 4:
  (source code not available)

Warning: 'iso_storage_pool' is deprecated and will be removed in a future release, define the boot iso options in a 'boot_iso' block

  on ubuntu-server-noble.pkr.hcl line 4:
  (source code not available)

2025/08/16 16:45:36 packer-plugin-proxmox_v1.2.2_x5.0_darwin_arm64 plugin: 2025/08/16 16:45:36 using token auth
2025/08/16 16:45:36 packer-plugin-proxmox_v1.2.2_x5.0_darwin_arm64 plugin: 2025/08/16 16:45:36 No CD files specified. CD disk will not be made.
2025/08/16 16:45:36 packer-plugin-proxmox_v1.2.2_x5.0_darwin_arm64 plugin: 2025/08/16 16:45:36 No URLs were provided to Step Download. Continuing...
2025/08/16 16:45:36 packer-plugin-proxmox_v1.2.2_x5.0_darwin_arm64 plugin: 2025/08/16 16:45:36 Mapping static assigned ISO to ide2
2025/08/16 16:45:36 packer-plugin-proxmox_v1.2.2_x5.0_darwin_arm64 plugin: 2025/08/16 16:45:36 Mapping Disk to virtio0
Warning: 'unmount_iso' is deprecated and will be removed in a future release, define the boot iso options in a 'boot_iso' block

  on ubuntu-server-noble.pkr.hcl line 4:
  (source code not available)


[1;32mubuntu-server-noble.proxmox-iso.ubuntu-server-noble: output will be in this color.[0m

[1;32m==> ubuntu-server-noble.proxmox-iso.ubuntu-server-noble: Creating VM[0m
[1;31m==> ubuntu-server-noble.proxmox-iso.ubuntu-server-noble: Error creating VM: error creating VM: 500 unable to create VM 9001 - VM 9001 already exists on node 'pve01', error status: {"message":"unable to create VM 9001 - VM 9001 already exists on node 'pve01'\n","data":null} (params: map[agent:1 boot:c cores:4 description:Packer ephemeral build VM ide2:directory:iso/ubuntu-24.04.3-live-server-amd64.iso,media=cdrom kvm:true memory:8048 name:template-k8s-ubuntu-24-04 net0:virtio=1A:D9:65:F7:86:7D,bridge=vmbr0 numa:0 onboot:false ostype:other scsihw:virtio-scsi-pci sockets:1 tags: virtio0:directory:70,cache=none,format=qcow2,replicate=0 vmid:9001])[0m
[1;31m==> ubuntu-server-noble.proxmox-iso.ubuntu-server-noble: Error creating VM: error creating VM: 500 unable to create VM 9001 - VM 9001 already exists on node 'pve01', error status: {"message":"unable to create VM 9001 - VM 9001 already exists on node 'pve01'\n","data":null} (params: map[agent:1 boot:c cores:4 description:Packer ephemeral build VM ide2:directory:iso/ubuntu-24.04.3-live-server-amd64.iso,media=cdrom kvm:true memory:8048 name:template-k8s-ubuntu-24-04 net0:virtio=1A:D9:65:F7:86:7D,bridge=vmbr0 numa:0 onboot:false ostype:other scsihw:virtio-scsi-pci sockets:1 tags: virtio0:directory:70,cache=none,format=qcow2,replicate=0 vmid:9001])[0m
[1;32m==> ubuntu-server-noble.proxmox-iso.ubuntu-server-noble: Step "stepStartVM" failed[0m
[1;32m==> ubuntu-server-noble.proxmox-iso.ubuntu-server-noble: [c] Clean up and exit, [a] abort without cleanup, or [r] retry step (build may fail even if retry succeeds)?[0m 2025/08/16 16:46:12 [INFO] (telemetry) ending proxmox-iso.ubuntu-server-noble
==> Wait completed after 35 seconds 822 milliseconds
2025/08/16 16:46:12 machine readable: error-count []string{"1"}
==> Some builds didn't complete successfully and had errors:
2025/08/16 16:46:12 machine readable: ubuntu-server-noble.proxmox-iso.ubuntu-server-noble,error []string{"Error creating VM: error creating VM: 500 unable to create VM 9001 - VM 9001 already exists on node 'pve01', error status: {\"message\":\"unable to create VM 9001 - VM 9001 already exists on node 'pve01'\\n\",\"data\":null} (params: map[agent:1 boot:c cores:4 description:Packer ephemeral build VM ide2:directory:iso/ubuntu-24.04.3-live-server-amd64.iso,media=cdrom kvm:true memory:8048 name:template-k8s-ubuntu-24-04 net0:virtio=1A:D9:65:F7:86:7D,bridge=vmbr0 numa:0 onboot:false ostype:other scsihw:virtio-scsi-pci sockets:1 tags: virtio0:directory:70,cache=none,format=qcow2,replicate=0 vmid:9001])"}
==> Builds finished but no artifacts were created.
2025/08/16 16:46:12 [INFO] (telemetry) Finalizing.
[1;31mBuild 'ubuntu-server-noble.proxmox-iso.ubuntu-server-noble' errored after 35 seconds 822 milliseconds: Error creating VM: error creating VM: 500 unable to create VM 9001 - VM 9001 already exists on node 'pve01', error status: {"message":"unable to create VM 9001 - VM 9001 already exists on node 'pve01'\n","data":null} (params: map[agent:1 boot:c cores:4 description:Packer ephemeral build VM ide2:directory:iso/ubuntu-24.04.3-live-server-amd64.iso,media=cdrom kvm:true memory:8048 name:template-k8s-ubuntu-24-04 net0:virtio=1A:D9:65:F7:86:7D,bridge=vmbr0 numa:0 onboot:false ostype:other scsihw:virtio-scsi-pci sockets:1 tags: virtio0:directory:70,cache=none,format=qcow2,replicate=0 vmid:9001])[0m

==> Wait completed after 35 seconds 822 milliseconds

==> Some builds didn't complete successfully and had errors:
--> ubuntu-server-noble.proxmox-iso.ubuntu-server-noble: Error creating VM: error creating VM: 500 unable to create VM 9001 - VM 9001 already exists on node 'pve01', error status: {"message":"unable to create VM 9001 - VM 9001 already exists on node 'pve01'\n","data":null} (params: map[agent:1 boot:c cores:4 description:Packer ephemeral build VM ide2:directory:iso/ubuntu-24.04.3-live-server-amd64.iso,media=cdrom kvm:true memory:8048 name:template-k8s-ubuntu-24-04 net0:virtio=1A:D9:65:F7:86:7D,bridge=vmbr0 numa:0 onboot:false ostype:other scsihw:virtio-scsi-pci sockets:1 tags: virtio0:directory:70,cache=none,format=qcow2,replicate=0 vmid:9001])

==> Builds finished but no artifacts were created.
2025/08/16 16:46:12 waiting for all plugin processes to complete...
2025/08/16 16:46:12 /opt/homebrew/bin/packer: plugin process exited
2025/08/16 16:46:12 /opt/homebrew/bin/packer: plugin process exited
2025/08/16 16:46:12 /opt/homebrew/bin/packer: plugin process exited
2025/08/16 16:46:12 /opt/homebrew/bin/packer: plugin process exited
2025/08/16 16:46:12 /opt/homebrew/bin/packer: plugin process exited
2025/08/16 16:46:12 /Users/rtaparay/.config/packer/plugins/github.com/hashicorp/proxmox/packer-plugin-proxmox_v1.2.2_x5.0_darwin_arm64: plugin process exited
